<?xml version="1.0" encoding="UTF-8"?>
<testsuite name="Tests" tests="1" skipped="0" failures="0" errors="0" timestamp="2022-06-12T14:47:53" hostname="DESKTOP-MHJTMMJ" time="14.14">
  <properties/>
  <testcase name="start" classname="Tests" time="14.14"/>
  <system-out><![CDATA[?[1;31m
Start test 1?[0m

  .   ____          _            __ _ _
 /\\ / ___'_ __ _ _(_)_ __  __ _ \ \ \ \
( ( )\___ | '_ | '_| | '_ \/ _` | \ \ \ \
 \\/  ___)| |_)| | | | | || (_| |  ) ) ) )
  '  |____| .__|_| |_|_| |_\__, | / / / /
 =========|_|==============|___/=/_/_/_/
 :: Spring Boot ::                (v2.5.6)

2022-06-12 09:47:56.016  INFO 3720 --- [    Test worker] task.Main                                : Starting Main using Java 11.0.15 on DESKTOP-MHJTMMJ with PID 3720 (started by cprad in C:\Users\cprad\OneDrive\Escritorio\Java_Backend\03_Cinema-Room-REST-Service\Topics\Getting data from REST\Receive and return ID)
2022-06-12 09:47:56.048  INFO 3720 --- [    Test worker] task.Main                                : No active profile set, falling back to default profiles: default
2022-06-12 09:48:01.821  INFO 3720 --- [    Test worker] o.s.b.w.embedded.tomcat.TomcatWebServer  : Tomcat initialized with port(s): 28852 (http)
2022-06-12 09:48:01.867  INFO 3720 --- [    Test worker] o.apache.catalina.core.StandardService   : Starting service [Tomcat]
2022-06-12 09:48:01.868  INFO 3720 --- [    Test worker] org.apache.catalina.core.StandardEngine  : Starting Servlet engine: [Apache Tomcat/9.0.54]
2022-06-12 09:48:02.259  INFO 3720 --- [    Test worker] o.a.c.c.C.[Tomcat].[localhost].[/]       : Initializing Spring embedded WebApplicationContext
2022-06-12 09:48:02.260  INFO 3720 --- [    Test worker] w.s.c.ServletWebServerApplicationContext : Root WebApplicationContext: initialization completed in 5932 ms
2022-06-12 09:48:05.105  INFO 3720 --- [    Test worker] o.s.b.a.e.web.EndpointLinksResolver      : Exposing 14 endpoint(s) beneath base path '/actuator'
2022-06-12 09:48:05.265  INFO 3720 --- [    Test worker] o.s.b.w.embedded.tomcat.TomcatWebServer  : Tomcat started on port(s): 28852 (http) with context path ''
2022-06-12 09:48:05.311  INFO 3720 --- [    Test worker] task.Main                                : Started Main in 11.3 seconds (JVM running for 15.015)
2022-06-12 09:48:06.714  INFO 3720 --- [io-28852-exec-1] o.a.c.c.C.[Tomcat].[localhost].[/]       : Initializing Spring DispatcherServlet 'dispatcherServlet'
2022-06-12 09:48:06.718  INFO 3720 --- [io-28852-exec-1] o.s.web.servlet.DispatcherServlet        : Initializing Servlet 'dispatcherServlet'
2022-06-12 09:48:06.723  INFO 3720 --- [io-28852-exec-1] o.s.web.servlet.DispatcherServlet        : Completed initialization in 3 ms
?[1;31m
Start test 2?[0m
?[1;31m
Start test 3?[0m
?[1;31m
Start test 4?[0m
]]></system-out>
  <system-err><![CDATA[]]></system-err>
</testsuite>
