<?xml version="1.0" encoding="UTF-8"?>
<testsuite name="SimpleBankSystemTest" tests="1" skipped="0" failures="0" errors="0" timestamp="2022-07-23T23:50:44" hostname="DESKTOP-MHJTMMJ" time="26.412">
  <properties/>
  <testcase name="start" classname="SimpleBankSystemTest" time="26.412"/>
  <system-out><![CDATA[?[1;31m
Start test 1?[0m
1. Create an account
2. Log into account
0. Exit
> 0

Bye!
?[1;31m
Start test 2?[0m
1. Create an account
2. Log into account
0. Exit
> 0

Bye!
?[1;31m
Start test 3?[0m
1. Create an account
2. Log into account
0. Exit
> 0

Bye!
?[1;31m
Start test 4?[0m
1. Create an account
2. Log into account
0. Exit
> 0

Bye!
?[1;31m
Start test 5?[0m
1. Create an account
2. Log into account
0. Exit
> 1

Your card has been created
Your card number:
4000007351555385
Your card PIN:
1088

1. Create an account
2. Log into account
0. Exit
> 1

Your card has been created
Your card number:
4000003210666414
Your card PIN:
8684

1. Create an account
2. Log into account
0. Exit
> 1

Your card has been created
Your card number:
4000002308258126
Your card PIN:
5763

1. Create an account
2. Log into account
0. Exit
> 1

Your card has been created
Your card number:
4000006613328516
Your card PIN:
1366

1. Create an account
2. Log into account
0. Exit
> 1

Your card has been created
Your card number:
4000007276157309
Your card PIN:
6441

1. Create an account
2. Log into account
0. Exit
> 0

Bye!
?[0;34m4000007351555385
?[0m?[0;34m4000003210666414
?[0m?[0;34m4000002308258126
?[0m?[0;34m4000006613328516
?[0m?[0;34m4000007276157309
?[1;31m
Start test 6?[0m
1. Create an account
2. Log into account
0. Exit
> 1

Your card has been created
Your card number:
4000000635862842
Your card PIN:
4871

1. Create an account
2. Log into account
0. Exit
> 2

Enter your card number:
> 4000000635862842
Enter your PIN:
> 4871

You have successfully logged in!

1. Balance
2. Log out
0. Exit
> 0

Bye!
?[1;31m
Start test 7?[0m
1. Create an account
2. Log into account
0. Exit
> 1

Your card has been created
Your card number:
4000004718158847
Your card PIN:
7640

1. Create an account
2. Log into account
0. Exit
> 2

Enter your card number:
> 4000004718158847
Enter your PIN:
> 5319

Wrong card number or PIN!

1. Create an account
2. Log into account
0. Exit
> 0

Bye!
?[1;31m
Start test 8?[0m
1. Create an account
2. Log into account
0. Exit
> 1

Your card has been created
Your card number:
4000004265413413
Your card PIN:
6707

1. Create an account
2. Log into account
0. Exit
> 2

Enter your card number:
> 400000236825117
Enter your PIN:
> 6707

Wrong card number or PIN!

1. Create an account
2. Log into account
0. Exit
> 0

Bye!
?[1;31m
Start test 9?[0m
1. Create an account
2. Log into account
0. Exit
> 1

Your card has been created
Your card number:
4000000841701404
Your card PIN:
6881

1. Create an account
2. Log into account
0. Exit
> 2

Enter your card number:
> 4000000841701404
Enter your PIN:
> 6881

You have successfully logged in!

1. Balance
2. Log out
0. Exit
> 1

Balance: 0

1. Balance
2. Log out
0. Exit
> 0

Bye!
]]></system-out>
  <system-err><![CDATA[org.sqlite.SQLiteException: [SQLITE_BUSY]  The database file is locked (database is locked)
	at org.sqlite.core.DB.newSQLException(DB.java:1012)
	at org.sqlite.core.DB.newSQLException(DB.java:1024)
	at org.sqlite.core.DB.throwex(DB.java:989)
	at org.sqlite.core.NativeDB._exec_utf8(Native Method)
	at org.sqlite.core.NativeDB._exec(NativeDB.java:94)
	at org.sqlite.jdbc3.JDBC3Statement.executeUpdate(JDBC3Statement.java:102)
	at banking.Main.deleteAndCreateTable(Main.java:85)
	at banking.Main.main(Main.java:41)
	at java.base/jdk.internal.reflect.NativeMethodAccessorImpl.invoke0(Native Method)
	at java.base/jdk.internal.reflect.NativeMethodAccessorImpl.invoke(NativeMethodAccessorImpl.java:77)
	at java.base/jdk.internal.reflect.DelegatingMethodAccessorImpl.invoke(DelegatingMethodAccessorImpl.java:43)
	at java.base/java.lang.reflect.Method.invoke(Method.java:568)
	at org.hyperskill.hstest.testing.execution.MainMethodExecutor.invokeMain(MainMethodExecutor.java:160)
	at org.hyperskill.hstest.testing.execution.MainMethodExecutor.lambda$launch$1(MainMethodExecutor.java:188)
	at java.base/java.util.concurrent.Executors$RunnableAdapter.call(Executors.java:539)
	at java.base/java.util.concurrent.FutureTask.run(FutureTask.java:264)
	at java.base/java.util.concurrent.ThreadPoolExecutor.runWorker(ThreadPoolExecutor.java:1136)
	at java.base/java.util.concurrent.ThreadPoolExecutor$Worker.run(ThreadPoolExecutor.java:635)
	at java.base/java.lang.Thread.run(Thread.java:833)
]]></system-err>
</testsuite>
