<?xml version="1.0" encoding="UTF-8"?>
<testsuite name="BullsCowsTest" tests="1" skipped="0" failures="0" errors="0" timestamp="2022-06-29T13:42:08" hostname="DESKTOP-MHJTMMJ" time="6.124">
  <properties/>
  <testcase name="start" classname="BullsCowsTest" time="6.124"/>
  <system-out><![CDATA[?[1;31m
Start test 1?[0m
Please, enter the secret code's length:
> 1
Okay, let's start a game!
Turn 1:
> 0
Grade: 0 bulls 0 cows
Turn 2:
> 1
Grade: 0 bulls 0 cows
Turn 3:
> 2
Grade: 0 bulls 0 cows
Turn 4:
> 3
Grade: 0 bulls 0 cows
Turn 5:
> 4
Grade: 0 bulls 0 cows
Turn 6:
> 5
Grade: 0 bulls 0 cows
Turn 7:
> 6
Grade: 0 bulls 0 cows
Turn 8:
> 7
Grade: 1 bull 1 cow
Congratulations! You guessed the secret code.
?[1;31m
Start test 2?[0m
Please, enter the secret code's length:
> 4
Okay, let's start a game!
Turn 1:
> 0000
Grade: 0 bulls 0 cows
Turn 2:
> 1111
Grade: 1 bull 4 cows
Turn 3:
> 2222
Grade: 0 bulls 0 cows
Turn 4:
> 3333
Grade: 0 bulls 0 cows
Turn 5:
> 4444
Grade: 1 bull 4 cows
Turn 6:
> 5555
Grade: 1 bull 4 cows
Turn 7:
> 6666
Grade: 1 bull 4 cows
Turn 8:
> 1456
Grade: 1 bull 4 cows
Turn 9:
> 4156
Grade: 2 bulls 4 cows
Turn 10:
> 5146
Grade: 4 bulls 4 cows
Congratulations! You guessed the secret code.
?[1;31m
Start test 3?[0m
Please, enter the secret code's length:
> 6
Okay, let's start a game!
Turn 1:
> 000000
Grade: 0 bulls 0 cows
Turn 2:
> 111111
Grade: 1 bull 6 cows
Turn 3:
> 222222
Grade: 1 bull 6 cows
Turn 4:
> 333333
Grade: 1 bull 6 cows
Turn 5:
> 444444
Grade: 1 bull 6 cows
Turn 6:
> 555555
Grade: 1 bull 6 cows
Turn 7:
> 666666
Grade: 0 bulls 0 cows
Turn 8:
> 777777
Grade: 0 bulls 0 cows
Turn 9:
> 888888
Grade: 0 bulls 0 cows
Turn 10:
> 999999
Grade: 1 bull 6 cows
Turn 11:
> 123459
Grade: 0 bulls 6 cows
Turn 12:
> 213459
Grade: 0 bulls 6 cows
Turn 13:
> 312459
Grade: 1 bull 6 cows
Turn 14:
> 132459
Grade: 1 bull 6 cows
Turn 15:
> 231459
Grade: 0 bulls 6 cows
Turn 16:
> 321459
Grade: 0 bulls 6 cows
Turn 17:
> 421359
Grade: 0 bulls 6 cows
Turn 18:
> 241359
Grade: 0 bulls 6 cows
Turn 19:
> 142359
Grade: 1 bull 6 cows
Turn 20:
> 412359
Grade: 1 bull 6 cows
Turn 21:
> 214359
Grade: 0 bulls 6 cows
Turn 22:
> 124359
Grade: 0 bulls 6 cows
Turn 23:
> 134259
Grade: 0 bulls 6 cows
Turn 24:
> 314259
Grade: 0 bulls 6 cows
Turn 25:
> 413259
Grade: 0 bulls 6 cows
Turn 26:
> 143259
Grade: 0 bulls 6 cows
Turn 27:
> 341259
Grade: 0 bulls 6 cows
Turn 28:
> 431259
Grade: 0 bulls 6 cows
Turn 29:
> 432159
Grade: 2 bulls 6 cows
Turn 30:
> 342159
Grade: 2 bulls 6 cows
Turn 31:
> 243159
Grade: 1 bull 6 cows
Turn 32:
> 423159
Grade: 1 bull 6 cows
Turn 33:
> 324159
Grade: 1 bull 6 cows
Turn 34:
> 234159
Grade: 1 bull 6 cows
Turn 35:
> 534129
Grade: 2 bulls 6 cows
Turn 36:
> 354129
Grade: 1 bull 6 cows
Turn 37:
> 453129
Grade: 1 bull 6 cows
Turn 38:
> 543129
Grade: 2 bulls 6 cows
Turn 39:
> 345129
Grade: 1 bull 6 cows
Turn 40:
> 435129
Grade: 1 bull 6 cows
Turn 41:
> 135429
Grade: 0 bulls 6 cows
Turn 42:
> 315429
Grade: 0 bulls 6 cows
Turn 43:
> 513429
Grade: 1 bull 6 cows
Turn 44:
> 153429
Grade: 0 bulls 6 cows
Turn 45:
> 351429
Grade: 0 bulls 6 cows
Turn 46:
> 531429
Grade: 1 bull 6 cows
Turn 47:
> 541329
Grade: 1 bull 6 cows
Turn 48:
> 451329
Grade: 0 bulls 6 cows
Turn 49:
> 154329
Grade: 0 bulls 6 cows
Turn 50:
> 514329
Grade: 1 bull 6 cows
Turn 51:
> 415329
Grade: 0 bulls 6 cows
Turn 52:
> 145329
Grade: 0 bulls 6 cows
Turn 53:
> 143529
Grade: 0 bulls 6 cows
Turn 54:
> 413529
Grade: 0 bulls 6 cows
Turn 55:
> 314529
Grade: 0 bulls 6 cows
Turn 56:
> 134529
Grade: 0 bulls 6 cows
Turn 57:
> 431529
Grade: 0 bulls 6 cows
Turn 58:
> 341529
Grade: 0 bulls 6 cows
Turn 59:
> 241539
Grade: 1 bull 6 cows
Turn 60:
> 421539
Grade: 1 bull 6 cows
Turn 61:
> 124539
Grade: 1 bull 6 cows
Turn 62:
> 214539
Grade: 1 bull 6 cows
Turn 63:
> 412539
Grade: 2 bulls 6 cows
Turn 64:
> 142539
Grade: 2 bulls 6 cows
Turn 65:
> 542139
Grade: 4 bulls 6 cows
Turn 66:
> 452139
Grade: 3 bulls 6 cows
Turn 67:
> 254139
Grade: 2 bulls 6 cows
Turn 68:
> 524139
Grade: 3 bulls 6 cows
Turn 69:
> 425139
Grade: 2 bulls 6 cows
Turn 70:
> 245139
Grade: 2 bulls 6 cows
Turn 71:
> 215439
Grade: 1 bull 6 cows
Turn 72:
> 125439
Grade: 1 bull 6 cows
Turn 73:
> 521439
Grade: 2 bulls 6 cows
Turn 74:
> 251439
Grade: 1 bull 6 cows
Turn 75:
> 152439
Grade: 2 bulls 6 cows
Turn 76:
> 512439
Grade: 3 bulls 6 cows
Turn 77:
> 514239
Grade: 2 bulls 6 cows
Turn 78:
> 154239
Grade: 1 bull 6 cows
Turn 79:
> 451239
Grade: 1 bull 6 cows
Turn 80:
> 541239
Grade: 2 bulls 6 cows
Turn 81:
> 145239
Grade: 1 bull 6 cows
Turn 82:
> 415239
Grade: 1 bull 6 cows
Turn 83:
> 315249
Grade: 0 bulls 6 cows
Turn 84:
> 135249
Grade: 0 bulls 6 cows
Turn 85:
> 531249
Grade: 1 bull 6 cows
Turn 86:
> 351249
Grade: 0 bulls 6 cows
Turn 87:
> 153249
Grade: 0 bulls 6 cows
Turn 88:
> 513249
Grade: 1 bull 6 cows
Turn 89:
> 213549
Grade: 0 bulls 6 cows
Turn 90:
> 123549
Grade: 0 bulls 6 cows
Turn 91:
> 321549
Grade: 0 bulls 6 cows
Turn 92:
> 231549
Grade: 0 bulls 6 cows
Turn 93:
> 132549
Grade: 1 bull 6 cows
Turn 94:
> 312549
Grade: 1 bull 6 cows
Turn 95:
> 352149
Grade: 2 bulls 6 cows
Turn 96:
> 532149
Grade: 3 bulls 6 cows
Turn 97:
> 235149
Grade: 1 bull 6 cows
Turn 98:
> 325149
Grade: 1 bull 6 cows
Turn 99:
> 523149
Grade: 2 bulls 6 cows
Turn 100:
> 253149
Grade: 1 bull 6 cows
Turn 101:
> 251349
Grade: 0 bulls 6 cows
Turn 102:
> 521349
Grade: 1 bull 6 cows
Turn 103:
> 125349
Grade: 0 bulls 6 cows
Turn 104:
> 215349
Grade: 0 bulls 6 cows
Turn 105:
> 512349
Grade: 2 bulls 6 cows
Turn 106:
> 152349
Grade: 1 bull 6 cows
Turn 107:
> 452319
Grade: 1 bull 6 cows
Turn 108:
> 542319
Grade: 2 bulls 6 cows
Turn 109:
> 245319
Grade: 0 bulls 6 cows
Turn 110:
> 425319
Grade: 0 bulls 6 cows
Turn 111:
> 524319
Grade: 1 bull 6 cows
Turn 112:
> 254319
Grade: 0 bulls 6 cows
Turn 113:
> 354219
Grade: 0 bulls 6 cows
Turn 114:
> 534219
Grade: 1 bull 6 cows
Turn 115:
> 435219
Grade: 0 bulls 6 cows
Turn 116:
> 345219
Grade: 0 bulls 6 cows
Turn 117:
> 543219
Grade: 1 bull 6 cows
Turn 118:
> 453219
Grade: 0 bulls 6 cows
Turn 119:
> 423519
Grade: 0 bulls 6 cows
Turn 120:
> 243519
Grade: 0 bulls 6 cows
Turn 121:
> 342519
Grade: 1 bull 6 cows
Turn 122:
> 432519
Grade: 1 bull 6 cows
Turn 123:
> 234519
Grade: 0 bulls 6 cows
Turn 124:
> 324519
Grade: 0 bulls 6 cows
Turn 125:
> 325419
Grade: 0 bulls 6 cows
Turn 126:
> 235419
Grade: 0 bulls 6 cows
Turn 127:
> 532419
Grade: 2 bulls 6 cows
Turn 128:
> 352419
Grade: 1 bull 6 cows
Turn 129:
> 253419
Grade: 0 bulls 6 cows
Turn 130:
> 523419
Grade: 1 bull 6 cows
Turn 131:
> 923415
Grade: 0 bulls 6 cows
Turn 132:
> 293415
Grade: 1 bull 6 cows
Turn 133:
> 392415
Grade: 2 bulls 6 cows
Turn 134:
> 932415
Grade: 1 bull 6 cows
Turn 135:
> 239415
Grade: 0 bulls 6 cows
Turn 136:
> 329415
Grade: 0 bulls 6 cows
Turn 137:
> 429315
Grade: 0 bulls 6 cows
Turn 138:
> 249315
Grade: 0 bulls 6 cows
Turn 139:
> 942315
Grade: 1 bull 6 cows
Turn 140:
> 492315
Grade: 2 bulls 6 cows
Turn 141:
> 294315
Grade: 1 bull 6 cows
Turn 142:
> 924315
Grade: 0 bulls 6 cows
Turn 143:
> 934215
Grade: 0 bulls 6 cows
Turn 144:
> 394215
Grade: 1 bull 6 cows
Turn 145:
> 493215
Grade: 1 bull 6 cows
Turn 146:
> 943215
Grade: 0 bulls 6 cows
Turn 147:
> 349215
Grade: 0 bulls 6 cows
Turn 148:
> 439215
Grade: 0 bulls 6 cows
Turn 149:
> 432915
Grade: 1 bull 6 cows
Turn 150:
> 342915
Grade: 1 bull 6 cows
Turn 151:
> 243915
Grade: 0 bulls 6 cows
Turn 152:
> 423915
Grade: 0 bulls 6 cows
Turn 153:
> 324915
Grade: 0 bulls 6 cows
Turn 154:
> 234915
Grade: 0 bulls 6 cows
Turn 155:
> 134925
Grade: 0 bulls 6 cows
Turn 156:
> 314925
Grade: 0 bulls 6 cows
Turn 157:
> 413925
Grade: 0 bulls 6 cows
Turn 158:
> 143925
Grade: 0 bulls 6 cows
Turn 159:
> 341925
Grade: 0 bulls 6 cows
Turn 160:
> 431925
Grade: 0 bulls 6 cows
Turn 161:
> 931425
Grade: 0 bulls 6 cows
Turn 162:
> 391425
Grade: 1 bull 6 cows
Turn 163:
> 193425
Grade: 1 bull 6 cows
Turn 164:
> 913425
Grade: 0 bulls 6 cows
Turn 165:
> 319425
Grade: 0 bulls 6 cows
Turn 166:
> 139425
Grade: 0 bulls 6 cows
Turn 167:
> 149325
Grade: 0 bulls 6 cows
Turn 168:
> 419325
Grade: 0 bulls 6 cows
Turn 169:
> 914325
Grade: 0 bulls 6 cows
Turn 170:
> 194325
Grade: 1 bull 6 cows
Turn 171:
> 491325
Grade: 1 bull 6 cows
Turn 172:
> 941325
Grade: 0 bulls 6 cows
Turn 173:
> 943125
Grade: 1 bull 6 cows
Turn 174:
> 493125
Grade: 2 bulls 6 cows
Turn 175:
> 394125
Grade: 2 bulls 6 cows
Turn 176:
> 934125
Grade: 1 bull 6 cows
Turn 177:
> 439125
Grade: 1 bull 6 cows
Turn 178:
> 349125
Grade: 1 bull 6 cows
Turn 179:
> 249135
Grade: 2 bulls 6 cows
Turn 180:
> 429135
Grade: 2 bulls 6 cows
Turn 181:
> 924135
Grade: 2 bulls 6 cows
Turn 182:
> 294135
Grade: 3 bulls 6 cows
Turn 183:
> 492135
Grade: 4 bulls 6 cows
Turn 184:
> 942135
Grade: 3 bulls 6 cows
Turn 185:
> 142935
Grade: 2 bulls 6 cows
Turn 186:
> 412935
Grade: 2 bulls 6 cows
Turn 187:
> 214935
Grade: 1 bull 6 cows
Turn 188:
> 124935
Grade: 1 bull 6 cows
Turn 189:
> 421935
Grade: 1 bull 6 cows
Turn 190:
> 241935
Grade: 1 bull 6 cows
Turn 191:
> 291435
Grade: 2 bulls 6 cows
Turn 192:
> 921435
Grade: 1 bull 6 cows
Turn 193:
> 129435
Grade: 1 bull 6 cows
Turn 194:
> 219435
Grade: 1 bull 6 cows
Turn 195:
> 912435
Grade: 2 bulls 6 cows
Turn 196:
> 192435
Grade: 3 bulls 6 cows
Turn 197:
> 194235
Grade: 2 bulls 6 cows
Turn 198:
> 914235
Grade: 1 bull 6 cows
Turn 199:
> 419235
Grade: 1 bull 6 cows
Turn 200:
> 149235
Grade: 1 bull 6 cows
Turn 201:
> 941235
Grade: 1 bull 6 cows
Turn 202:
> 491235
Grade: 2 bulls 6 cows
Turn 203:
> 391245
Grade: 1 bull 6 cows
Turn 204:
> 931245
Grade: 0 bulls 6 cows
Turn 205:
> 139245
Grade: 0 bulls 6 cows
Turn 206:
> 319245
Grade: 0 bulls 6 cows
Turn 207:
> 913245
Grade: 0 bulls 6 cows
Turn 208:
> 193245
Grade: 1 bull 6 cows
Turn 209:
> 293145
Grade: 2 bulls 6 cows
Turn 210:
> 923145
Grade: 1 bull 6 cows
Turn 211:
> 329145
Grade: 1 bull 6 cows
Turn 212:
> 239145
Grade: 1 bull 6 cows
Turn 213:
> 932145
Grade: 2 bulls 6 cows
Turn 214:
> 392145
Grade: 3 bulls 6 cows
Turn 215:
> 312945
Grade: 1 bull 6 cows
Turn 216:
> 132945
Grade: 1 bull 6 cows
Turn 217:
> 231945
Grade: 0 bulls 6 cows
Turn 218:
> 321945
Grade: 0 bulls 6 cows
Turn 219:
> 123945
Grade: 0 bulls 6 cows
Turn 220:
> 213945
Grade: 0 bulls 6 cows
Turn 221:
> 219345
Grade: 0 bulls 6 cows
Turn 222:
> 129345
Grade: 0 bulls 6 cows
Turn 223:
> 921345
Grade: 0 bulls 6 cows
Turn 224:
> 291345
Grade: 1 bull 6 cows
Turn 225:
> 192345
Grade: 2 bulls 6 cows
Turn 226:
> 912345
Grade: 1 bull 6 cows
Turn 227:
> 412395
Grade: 1 bull 6 cows
Turn 228:
> 142395
Grade: 1 bull 6 cows
Turn 229:
> 241395
Grade: 0 bulls 6 cows
Turn 230:
> 421395
Grade: 0 bulls 6 cows
Turn 231:
> 124395
Grade: 0 bulls 6 cows
Turn 232:
> 214395
Grade: 0 bulls 6 cows
Turn 233:
> 314295
Grade: 0 bulls 6 cows
Turn 234:
> 134295
Grade: 0 bulls 6 cows
Turn 235:
> 431295
Grade: 0 bulls 6 cows
Turn 236:
> 341295
Grade: 0 bulls 6 cows
Turn 237:
> 143295
Grade: 0 bulls 6 cows
Turn 238:
> 413295
Grade: 0 bulls 6 cows
Turn 239:
> 423195
Grade: 1 bull 6 cows
Turn 240:
> 243195
Grade: 1 bull 6 cows
Turn 241:
> 342195
Grade: 2 bulls 6 cows
Turn 242:
> 432195
Grade: 2 bulls 6 cows
Turn 243:
> 234195
Grade: 1 bull 6 cows
Turn 244:
> 324195
Grade: 1 bull 6 cows
Turn 245:
> 321495
Grade: 0 bulls 6 cows
Turn 246:
> 231495
Grade: 0 bulls 6 cows
Turn 247:
> 132495
Grade: 1 bull 6 cows
Turn 248:
> 312495
Grade: 1 bull 6 cows
Turn 249:
> 213495
Grade: 0 bulls 6 cows
Turn 250:
> 123495
Grade: 0 bulls 6 cows
Turn 251:
> 153492
Grade: 0 bulls 6 cows
Turn 252:
> 513492
Grade: 1 bull 6 cows
Turn 253:
> 315492
Grade: 0 bulls 6 cows
Turn 254:
> 135492
Grade: 0 bulls 6 cows
Turn 255:
> 531492
Grade: 1 bull 6 cows
Turn 256:
> 351492
Grade: 0 bulls 6 cows
Turn 257:
> 451392
Grade: 0 bulls 6 cows
Turn 258:
> 541392
Grade: 1 bull 6 cows
Turn 259:
> 145392
Grade: 0 bulls 6 cows
Turn 260:
> 415392
Grade: 0 bulls 6 cows
Turn 261:
> 514392
Grade: 1 bull 6 cows
Turn 262:
> 154392
Grade: 0 bulls 6 cows
Turn 263:
> 134592
Grade: 0 bulls 6 cows
Turn 264:
> 314592
Grade: 0 bulls 6 cows
Turn 265:
> 413592
Grade: 0 bulls 6 cows
Turn 266:
> 143592
Grade: 0 bulls 6 cows
Turn 267:
> 341592
Grade: 0 bulls 6 cows
Turn 268:
> 431592
Grade: 0 bulls 6 cows
Turn 269:
> 435192
Grade: 1 bull 6 cows
Turn 270:
> 345192
Grade: 1 bull 6 cows
Turn 271:
> 543192
Grade: 2 bulls 6 cows
Turn 272:
> 453192
Grade: 1 bull 6 cows
Turn 273:
> 354192
Grade: 1 bull 6 cows
Turn 274:
> 534192
Grade: 2 bulls 6 cows
Turn 275:
> 934152
Grade: 1 bull 6 cows
Turn 276:
> 394152
Grade: 2 bulls 6 cows
Turn 277:
> 493152
Grade: 2 bulls 6 cows
Turn 278:
> 943152
Grade: 1 bull 6 cows
Turn 279:
> 349152
Grade: 1 bull 6 cows
Turn 280:
> 439152
Grade: 1 bull 6 cows
Turn 281:
> 139452
Grade: 0 bulls 6 cows
Turn 282:
> 319452
Grade: 0 bulls 6 cows
Turn 283:
> 913452
Grade: 0 bulls 6 cows
Turn 284:
> 193452
Grade: 1 bull 6 cows
Turn 285:
> 391452
Grade: 1 bull 6 cows
Turn 286:
> 931452
Grade: 0 bulls 6 cows
Turn 287:
> 941352
Grade: 0 bulls 6 cows
Turn 288:
> 491352
Grade: 1 bull 6 cows
Turn 289:
> 194352
Grade: 1 bull 6 cows
Turn 290:
> 914352
Grade: 0 bulls 6 cows
Turn 291:
> 419352
Grade: 0 bulls 6 cows
Turn 292:
> 149352
Grade: 0 bulls 6 cows
Turn 293:
> 143952
Grade: 0 bulls 6 cows
Turn 294:
> 413952
Grade: 0 bulls 6 cows
Turn 295:
> 314952
Grade: 0 bulls 6 cows
Turn 296:
> 134952
Grade: 0 bulls 6 cows
Turn 297:
> 431952
Grade: 0 bulls 6 cows
Turn 298:
> 341952
Grade: 0 bulls 6 cows
Turn 299:
> 541932
Grade: 2 bulls 6 cows
Turn 300:
> 451932
Grade: 1 bull 6 cows
Turn 301:
> 154932
Grade: 1 bull 6 cows
Turn 302:
> 514932
Grade: 2 bulls 6 cows
Turn 303:
> 415932
Grade: 1 bull 6 cows
Turn 304:
> 145932
Grade: 1 bull 6 cows
Turn 305:
> 945132
Grade: 2 bulls 6 cows
Turn 306:
> 495132
Grade: 3 bulls 6 cows
Turn 307:
> 594132
Grade: 4 bulls 6 cows
Turn 308:
> 954132
Grade: 2 bulls 6 cows
Turn 309:
> 459132
Grade: 2 bulls 6 cows
Turn 310:
> 549132
Grade: 3 bulls 6 cows
Turn 311:
> 519432
Grade: 2 bulls 6 cows
Turn 312:
> 159432
Grade: 1 bull 6 cows
Turn 313:
> 951432
Grade: 1 bull 6 cows
Turn 314:
> 591432
Grade: 3 bulls 6 cows
Turn 315:
> 195432
Grade: 2 bulls 6 cows
Turn 316:
> 915432
Grade: 1 bull 6 cows
Turn 317:
> 914532
Grade: 1 bull 6 cows
Turn 318:
> 194532
Grade: 2 bulls 6 cows
Turn 319:
> 491532
Grade: 2 bulls 6 cows
Turn 320:
> 941532
Grade: 1 bull 6 cows
Turn 321:
> 149532
Grade: 1 bull 6 cows
Turn 322:
> 419532
Grade: 1 bull 6 cows
Turn 323:
> 319542
Grade: 0 bulls 6 cows
Turn 324:
> 139542
Grade: 0 bulls 6 cows
Turn 325:
> 931542
Grade: 0 bulls 6 cows
Turn 326:
> 391542
Grade: 1 bull 6 cows
Turn 327:
> 193542
Grade: 1 bull 6 cows
Turn 328:
> 913542
Grade: 0 bulls 6 cows
Turn 329:
> 513942
Grade: 1 bull 6 cows
Turn 330:
> 153942
Grade: 0 bulls 6 cows
Turn 331:
> 351942
Grade: 0 bulls 6 cows
Turn 332:
> 531942
Grade: 1 bull 6 cows
Turn 333:
> 135942
Grade: 0 bulls 6 cows
Turn 334:
> 315942
Grade: 0 bulls 6 cows
Turn 335:
> 395142
Grade: 2 bulls 6 cows
Turn 336:
> 935142
Grade: 1 bull 6 cows
Turn 337:
> 539142
Grade: 2 bulls 6 cows
Turn 338:
> 359142
Grade: 1 bull 6 cows
Turn 339:
> 953142
Grade: 1 bull 6 cows
Turn 340:
> 593142
Grade: 3 bulls 6 cows
Turn 341:
> 591342
Grade: 2 bulls 6 cows
Turn 342:
> 951342
Grade: 0 bulls 6 cows
Turn 343:
> 159342
Grade: 0 bulls 6 cows
Turn 344:
> 519342
Grade: 1 bull 6 cows
Turn 345:
> 915342
Grade: 0 bulls 6 cows
Turn 346:
> 195342
Grade: 1 bull 6 cows
Turn 347:
> 495312
Grade: 1 bull 6 cows
Turn 348:
> 945312
Grade: 0 bulls 6 cows
Turn 349:
> 549312
Grade: 1 bull 6 cows
Turn 350:
> 459312
Grade: 0 bulls 6 cows
Turn 351:
> 954312
Grade: 0 bulls 6 cows
Turn 352:
> 594312
Grade: 2 bulls 6 cows
Turn 353:
> 394512
Grade: 1 bull 6 cows
Turn 354:
> 934512
Grade: 0 bulls 6 cows
Turn 355:
> 439512
Grade: 0 bulls 6 cows
Turn 356:
> 349512
Grade: 0 bulls 6 cows
Turn 357:
> 943512
Grade: 0 bulls 6 cows
Turn 358:
> 493512
Grade: 1 bull 6 cows
Turn 359:
> 453912
Grade: 0 bulls 6 cows
Turn 360:
> 543912
Grade: 1 bull 6 cows
Turn 361:
> 345912
Grade: 0 bulls 6 cows
Turn 362:
> 435912
Grade: 0 bulls 6 cows
Turn 363:
> 534912
Grade: 1 bull 6 cows
Turn 364:
> 354912
Grade: 0 bulls 6 cows
Turn 365:
> 359412
Grade: 0 bulls 6 cows
Turn 366:
> 539412
Grade: 1 bull 6 cows
Turn 367:
> 935412
Grade: 0 bulls 6 cows
Turn 368:
> 395412
Grade: 1 bull 6 cows
Turn 369:
> 593412
Grade: 2 bulls 6 cows
Turn 370:
> 953412
Grade: 0 bulls 6 cows
Turn 371:
> 952413
Grade: 1 bull 6 cows
Turn 372:
> 592413
Grade: 3 bulls 6 cows
Turn 373:
> 295413
Grade: 1 bull 6 cows
Turn 374:
> 925413
Grade: 0 bulls 6 cows
Turn 375:
> 529413
Grade: 1 bull 6 cows
Turn 376:
> 259413
Grade: 0 bulls 6 cows
Turn 377:
> 459213
Grade: 0 bulls 6 cows
Turn 378:
> 549213
Grade: 1 bull 6 cows
Turn 379:
> 945213
Grade: 0 bulls 6 cows
Turn 380:
> 495213
Grade: 1 bull 6 cows
Turn 381:
> 594213
Grade: 2 bulls 6 cows
Turn 382:
> 954213
Grade: 0 bulls 6 cows
Turn 383:
> 924513
Grade: 0 bulls 6 cows
Turn 384:
> 294513
Grade: 1 bull 6 cows
Turn 385:
> 492513
Grade: 2 bulls 6 cows
Turn 386:
> 942513
Grade: 1 bull 6 cows
Turn 387:
> 249513
Grade: 0 bulls 6 cows
Turn 388:
> 429513
Grade: 0 bulls 6 cows
Turn 389:
> 425913
Grade: 0 bulls 6 cows
Turn 390:
> 245913
Grade: 0 bulls 6 cows
Turn 391:
> 542913
Grade: 2 bulls 6 cows
Turn 392:
> 452913
Grade: 1 bull 6 cows
Turn 393:
> 254913
Grade: 0 bulls 6 cows
Turn 394:
> 524913
Grade: 1 bull 6 cows
Turn 395:
> 124953
Grade: 0 bulls 6 cows
Turn 396:
> 214953
Grade: 0 bulls 6 cows
Turn 397:
> 412953
Grade: 1 bull 6 cows
Turn 398:
> 142953
Grade: 1 bull 6 cows
Turn 399:
> 241953
Grade: 0 bulls 6 cows
Turn 400:
> 421953
Grade: 0 bulls 6 cows
Turn 401:
> 921453
Grade: 0 bulls 6 cows
Turn 402:
> 291453
Grade: 1 bull 6 cows
Turn 403:
> 192453
Grade: 2 bulls 6 cows
Turn 404:
> 912453
Grade: 1 bull 6 cows
Turn 405:
> 219453
Grade: 0 bulls 6 cows
Turn 406:
> 129453
Grade: 0 bulls 6 cows
Turn 407:
> 149253
Grade: 0 bulls 6 cows
Turn 408:
> 419253
Grade: 0 bulls 6 cows
Turn 409:
> 914253
Grade: 0 bulls 6 cows
Turn 410:
> 194253
Grade: 1 bull 6 cows
Turn 411:
> 491253
Grade: 1 bull 6 cows
Turn 412:
> 941253
Grade: 0 bulls 6 cows
Turn 413:
> 942153
Grade: 2 bulls 6 cows
Turn 414:
> 492153
Grade: 3 bulls 6 cows
Turn 415:
> 294153
Grade: 2 bulls 6 cows
Turn 416:
> 924153
Grade: 1 bull 6 cows
Turn 417:
> 429153
Grade: 1 bull 6 cows
Turn 418:
> 249153
Grade: 1 bull 6 cows
Turn 419:
> 549123
Grade: 2 bulls 6 cows
Turn 420:
> 459123
Grade: 1 bull 6 cows
Turn 421:
> 954123
Grade: 1 bull 6 cows
Turn 422:
> 594123
Grade: 3 bulls 6 cows
Turn 423:
> 495123
Grade: 2 bulls 6 cows
Turn 424:
> 945123
Grade: 1 bull 6 cows
Turn 425:
> 145923
Grade: 0 bulls 6 cows
Turn 426:
> 415923
Grade: 0 bulls 6 cows
Turn 427:
> 514923
Grade: 1 bull 6 cows
Turn 428:
> 154923
Grade: 0 bulls 6 cows
Turn 429:
> 451923
Grade: 0 bulls 6 cows
Turn 430:
> 541923
Grade: 1 bull 6 cows
Turn 431:
> 591423
Grade: 2 bulls 6 cows
Turn 432:
> 951423
Grade: 0 bulls 6 cows
Turn 433:
> 159423
Grade: 0 bulls 6 cows
Turn 434:
> 519423
Grade: 1 bull 6 cows
Turn 435:
> 915423
Grade: 0 bulls 6 cows
Turn 436:
> 195423
Grade: 1 bull 6 cows
Turn 437:
> 194523
Grade: 1 bull 6 cows
Turn 438:
> 914523
Grade: 0 bulls 6 cows
Turn 439:
> 419523
Grade: 0 bulls 6 cows
Turn 440:
> 149523
Grade: 0 bulls 6 cows
Turn 441:
> 941523
Grade: 0 bulls 6 cows
Turn 442:
> 491523
Grade: 1 bull 6 cows
Turn 443:
> 291543
Grade: 1 bull 6 cows
Turn 444:
> 921543
Grade: 0 bulls 6 cows
Turn 445:
> 129543
Grade: 0 bulls 6 cows
Turn 446:
> 219543
Grade: 0 bulls 6 cows
Turn 447:
> 912543
Grade: 1 bull 6 cows
Turn 448:
> 192543
Grade: 2 bulls 6 cows
Turn 449:
> 592143
Grade: 4 bulls 6 cows
Turn 450:
> 952143
Grade: 2 bulls 6 cows
Turn 451:
> 259143
Grade: 1 bull 6 cows
Turn 452:
> 529143
Grade: 2 bulls 6 cows
Turn 453:
> 925143
Grade: 1 bull 6 cows
Turn 454:
> 295143
Grade: 2 bulls 6 cows
Turn 455:
> 215943
Grade: 0 bulls 6 cows
Turn 456:
> 125943
Grade: 0 bulls 6 cows
Turn 457:
> 521943
Grade: 1 bull 6 cows
Turn 458:
> 251943
Grade: 0 bulls 6 cows
Turn 459:
> 152943
Grade: 1 bull 6 cows
Turn 460:
> 512943
Grade: 2 bulls 6 cows
Turn 461:
> 519243
Grade: 1 bull 6 cows
Turn 462:
> 159243
Grade: 0 bulls 6 cows
Turn 463:
> 951243
Grade: 0 bulls 6 cows
Turn 464:
> 591243
Grade: 2 bulls 6 cows
Turn 465:
> 195243
Grade: 1 bull 6 cows
Turn 466:
> 915243
Grade: 0 bulls 6 cows
Turn 467:
> 415293
Grade: 0 bulls 6 cows
Turn 468:
> 145293
Grade: 0 bulls 6 cows
Turn 469:
> 541293
Grade: 1 bull 6 cows
Turn 470:
> 451293
Grade: 0 bulls 6 cows
Turn 471:
> 154293
Grade: 0 bulls 6 cows
Turn 472:
> 514293
Grade: 1 bull 6 cows
Turn 473:
> 214593
Grade: 0 bulls 6 cows
Turn 474:
> 124593
Grade: 0 bulls 6 cows
Turn 475:
> 421593
Grade: 0 bulls 6 cows
Turn 476:
> 241593
Grade: 0 bulls 6 cows
Turn 477:
> 142593
Grade: 1 bull 6 cows
Turn 478:
> 412593
Grade: 1 bull 6 cows
Turn 479:
> 452193
Grade: 2 bulls 6 cows
Turn 480:
> 542193
Grade: 3 bulls 6 cows
Turn 481:
> 245193
Grade: 1 bull 6 cows
Turn 482:
> 425193
Grade: 1 bull 6 cows
Turn 483:
> 524193
Grade: 2 bulls 6 cows
Turn 484:
> 254193
Grade: 1 bull 6 cows
Turn 485:
> 251493
Grade: 0 bulls 6 cows
Turn 486:
> 521493
Grade: 1 bull 6 cows
Turn 487:
> 125493
Grade: 0 bulls 6 cows
Turn 488:
> 215493
Grade: 0 bulls 6 cows
Turn 489:
> 512493
Grade: 2 bulls 6 cows
Turn 490:
> 152493
Grade: 1 bull 6 cows
Turn 491:
> 152394
Grade: 2 bulls 6 cows
Turn 492:
> 512394
Grade: 3 bulls 6 cows
Turn 493:
> 215394
Grade: 1 bull 6 cows
Turn 494:
> 125394
Grade: 1 bull 6 cows
Turn 495:
> 521394
Grade: 2 bulls 6 cows
Turn 496:
> 251394
Grade: 1 bull 6 cows
Turn 497:
> 351294
Grade: 1 bull 6 cows
Turn 498:
> 531294
Grade: 2 bulls 6 cows
Turn 499:
> 135294
Grade: 1 bull 6 cows
Turn 500:
> 315294
Grade: 1 bull 6 cows
Turn 501:
> 513294
Grade: 2 bulls 6 cows
Turn 502:
> 153294
Grade: 1 bull 6 cows
Turn 503:
> 123594
Grade: 1 bull 6 cows
Turn 504:
> 213594
Grade: 1 bull 6 cows
Turn 505:
> 312594
Grade: 2 bulls 6 cows
Turn 506:
> 132594
Grade: 2 bulls 6 cows
Turn 507:
> 231594
Grade: 1 bull 6 cows
Turn 508:
> 321594
Grade: 1 bull 6 cows
Turn 509:
> 325194
Grade: 2 bulls 6 cows
Turn 510:
> 235194
Grade: 2 bulls 6 cows
Turn 511:
> 532194
Grade: 4 bulls 6 cows
Turn 512:
> 352194
Grade: 3 bulls 6 cows
Turn 513:
> 253194
Grade: 2 bulls 6 cows
Turn 514:
> 523194
Grade: 3 bulls 6 cows
Turn 515:
> 923154
Grade: 2 bulls 6 cows
Turn 516:
> 293154
Grade: 3 bulls 6 cows
Turn 517:
> 392154
Grade: 4 bulls 6 cows
Turn 518:
> 932154
Grade: 3 bulls 6 cows
Turn 519:
> 239154
Grade: 2 bulls 6 cows
Turn 520:
> 329154
Grade: 2 bulls 6 cows
Turn 521:
> 129354
Grade: 1 bull 6 cows
Turn 522:
> 219354
Grade: 1 bull 6 cows
Turn 523:
> 912354
Grade: 2 bulls 6 cows
Turn 524:
> 192354
Grade: 3 bulls 6 cows
Turn 525:
> 291354
Grade: 2 bulls 6 cows
Turn 526:
> 921354
Grade: 1 bull 6 cows
Turn 527:
> 931254
Grade: 1 bull 6 cows
Turn 528:
> 391254
Grade: 2 bulls 6 cows
Turn 529:
> 193254
Grade: 2 bulls 6 cows
Turn 530:
> 913254
Grade: 1 bull 6 cows
Turn 531:
> 319254
Grade: 1 bull 6 cows
Turn 532:
> 139254
Grade: 1 bull 6 cows
Turn 533:
> 132954
Grade: 2 bulls 6 cows
Turn 534:
> 312954
Grade: 2 bulls 6 cows
Turn 535:
> 213954
Grade: 1 bull 6 cows
Turn 536:
> 123954
Grade: 1 bull 6 cows
Turn 537:
> 321954
Grade: 1 bull 6 cows
Turn 538:
> 231954
Grade: 1 bull 6 cows
Turn 539:
> 531924
Grade: 2 bulls 6 cows
Turn 540:
> 351924
Grade: 1 bull 6 cows
Turn 541:
> 153924
Grade: 1 bull 6 cows
Turn 542:
> 513924
Grade: 2 bulls 6 cows
Turn 543:
> 315924
Grade: 1 bull 6 cows
Turn 544:
> 135924
Grade: 1 bull 6 cows
Turn 545:
> 935124
Grade: 2 bulls 6 cows
Turn 546:
> 395124
Grade: 3 bulls 6 cows
Turn 547:
> 593124
Grade: 4 bulls 6 cows
Turn 548:
> 953124
Grade: 2 bulls 6 cows
Turn 549:
> 359124
Grade: 2 bulls 6 cows
Turn 550:
> 539124
Grade: 3 bulls 6 cows
Turn 551:
> 519324
Grade: 2 bulls 6 cows
Turn 552:
> 159324
Grade: 1 bull 6 cows
Turn 553:
> 951324
Grade: 1 bull 6 cows
Turn 554:
> 591324
Grade: 3 bulls 6 cows
Turn 555:
> 195324
Grade: 2 bulls 6 cows
Turn 556:
> 915324
Grade: 1 bull 6 cows
Turn 557:
> 913524
Grade: 1 bull 6 cows
Turn 558:
> 193524
Grade: 2 bulls 6 cows
Turn 559:
> 391524
Grade: 2 bulls 6 cows
Turn 560:
> 931524
Grade: 1 bull 6 cows
Turn 561:
> 139524
Grade: 1 bull 6 cows
Turn 562:
> 319524
Grade: 1 bull 6 cows
Turn 563:
> 219534
Grade: 2 bulls 6 cows
Turn 564:
> 129534
Grade: 2 bulls 6 cows
Turn 565:
> 921534
Grade: 2 bulls 6 cows
Turn 566:
> 291534
Grade: 3 bulls 6 cows
Turn 567:
> 192534
Grade: 4 bulls 6 cows
Turn 568:
> 912534
Grade: 3 bulls 6 cows
Turn 569:
> 512934
Grade: 4 bulls 6 cows
Turn 570:
> 152934
Grade: 3 bulls 6 cows
Turn 571:
> 251934
Grade: 2 bulls 6 cows
Turn 572:
> 521934
Grade: 3 bulls 6 cows
Turn 573:
> 125934
Grade: 2 bulls 6 cows
Turn 574:
> 215934
Grade: 2 bulls 6 cows
Turn 575:
> 295134
Grade: 4 bulls 6 cows
Turn 576:
> 925134
Grade: 3 bulls 6 cows
Turn 577:
> 529134
Grade: 4 bulls 6 cows
Turn 578:
> 259134
Grade: 3 bulls 6 cows
Turn 579:
> 952134
Grade: 4 bulls 6 cows
Turn 580:
> 592134
Grade: 6 bulls 6 cows
Congratulations! You guessed the secret code.
?[1;31m
Start test 4?[0m
Please, enter the secret code's length:
> 11
Error: can't generate a secret number with a length of 11 because there aren't enough unique digits.
Please, enter the secret code's length:
]]></system-out>
  <system-err><![CDATA[]]></system-err>
</testsuite>
