<?xml version="1.0" encoding="UTF-8"?>
<testsuite name="BullsCowsTest" tests="1" skipped="0" failures="0" errors="0" timestamp="2022-06-29T16:33:26" hostname="DESKTOP-MHJTMMJ" time="10.342">
  <properties/>
  <testcase name="start" classname="BullsCowsTest" time="10.342"/>
  <system-out><![CDATA[?[1;31m
Start test 1?[0m
Input the length of the secret code:
> 1
Input the number of possible symbols in the code:
> 10
The secret is prepared: * (0-9).
Okay, let's start a game!
Turn 1:
> 0
Grade: 0 bulls 0 cows
Turn 2:
> 1
Grade: 0 bulls 0 cows
Turn 3:
> 2
Grade: 0 bulls 0 cows
Turn 4:
> 3
Grade: 0 bulls 0 cows
Turn 5:
> 4
Grade: 0 bulls 0 cows
Turn 6:
> 5
Grade: 0 bulls 0 cows
Turn 7:
> 6
Grade: 1 bull 1 cow
Congratulations! You guessed the secret code.
?[1;31m
Start test 2?[0m
Input the length of the secret code:
> 4
Input the number of possible symbols in the code:
> 10
The secret is prepared: **** (0-9).
Okay, let's start a game!
Turn 1:
> 0000
Grade: 0 bulls 0 cows
Turn 2:
> 1111
Grade: 1 bull 4 cows
Turn 3:
> 2222
Grade: 0 bulls 0 cows
Turn 4:
> 3333
Grade: 1 bull 4 cows
Turn 5:
> 4444
Grade: 1 bull 4 cows
Turn 6:
> 5555
Grade: 0 bulls 0 cows
Turn 7:
> 6666
Grade: 0 bulls 0 cows
Turn 8:
> 7777
Grade: 0 bulls 0 cows
Turn 9:
> 8888
Grade: 1 bull 4 cows
Turn 10:
> 1348
Grade: 1 bull 4 cows
Turn 11:
> 3148
Grade: 0 bulls 4 cows
Turn 12:
> 4138
Grade: 1 bull 4 cows
Turn 13:
> 1438
Grade: 0 bulls 4 cows
Turn 14:
> 3418
Grade: 0 bulls 4 cows
Turn 15:
> 4318
Grade: 2 bulls 4 cows
Turn 16:
> 8314
Grade: 1 bull 4 cows
Turn 17:
> 3814
Grade: 0 bulls 4 cows
Turn 18:
> 1834
Grade: 0 bulls 4 cows
Turn 19:
> 8134
Grade: 0 bulls 4 cows
Turn 20:
> 3184
Grade: 1 bull 4 cows
Turn 21:
> 1384
Grade: 2 bulls 4 cows
Turn 22:
> 1483
Grade: 1 bull 4 cows
Turn 23:
> 4183
Grade: 2 bulls 4 cows
Turn 24:
> 8143
Grade: 0 bulls 4 cows
Turn 25:
> 1843
Grade: 0 bulls 4 cows
Turn 26:
> 4813
Grade: 1 bull 4 cows
Turn 27:
> 8413
Grade: 0 bulls 4 cows
Turn 28:
> 8431
Grade: 1 bull 4 cows
Turn 29:
> 4831
Grade: 2 bulls 4 cows
Turn 30:
> 3841
Grade: 1 bull 4 cows
Turn 31:
> 8341
Grade: 2 bulls 4 cows
Turn 32:
> 4381
Grade: 4 bulls 4 cows
Congratulations! You guessed the secret code.
?[1;31m
Start test 3?[0m
Input the length of the secret code:
> 6
Input the number of possible symbols in the code:
> 10
The secret is prepared: ****** (0-9).
Okay, let's start a game!
Turn 1:
> 000000
Grade: 1 bull 6 cows
Turn 2:
> 111111
Grade: 1 bull 6 cows
Turn 3:
> 222222
Grade: 0 bulls 0 cows
Turn 4:
> 333333
Grade: 1 bull 6 cows
Turn 5:
> 444444
Grade: 1 bull 6 cows
Turn 6:
> 555555
Grade: 1 bull 6 cows
Turn 7:
> 666666
Grade: 1 bull 6 cows
Turn 8:
> 013456
Grade: 1 bull 6 cows
Turn 9:
> 103456
Grade: 1 bull 6 cows
Turn 10:
> 301456
Grade: 1 bull 6 cows
Turn 11:
> 031456
Grade: 1 bull 6 cows
Turn 12:
> 130456
Grade: 2 bulls 6 cows
Turn 13:
> 310456
Grade: 2 bulls 6 cows
Turn 14:
> 410356
Grade: 1 bull 6 cows
Turn 15:
> 140356
Grade: 1 bull 6 cows
Turn 16:
> 041356
Grade: 0 bulls 6 cows
Turn 17:
> 401356
Grade: 0 bulls 6 cows
Turn 18:
> 104356
Grade: 0 bulls 6 cows
Turn 19:
> 014356
Grade: 0 bulls 6 cows
Turn 20:
> 034156
Grade: 0 bulls 6 cows
Turn 21:
> 304156
Grade: 0 bulls 6 cows
Turn 22:
> 403156
Grade: 0 bulls 6 cows
Turn 23:
> 043156
Grade: 0 bulls 6 cows
Turn 24:
> 340156
Grade: 1 bull 6 cows
Turn 25:
> 430156
Grade: 1 bull 6 cows
Turn 26:
> 431056
Grade: 0 bulls 6 cows
Turn 27:
> 341056
Grade: 0 bulls 6 cows
Turn 28:
> 143056
Grade: 0 bulls 6 cows
Turn 29:
> 413056
Grade: 0 bulls 6 cows
Turn 30:
> 314056
Grade: 0 bulls 6 cows
Turn 31:
> 134056
Grade: 0 bulls 6 cows
Turn 32:
> 534016
Grade: 2 bulls 6 cows
Turn 33:
> 354016
Grade: 1 bull 6 cows
Turn 34:
> 453016
Grade: 1 bull 6 cows
Turn 35:
> 543016
Grade: 2 bulls 6 cows
Turn 36:
> 345016
Grade: 1 bull 6 cows
Turn 37:
> 435016
Grade: 1 bull 6 cows
Turn 38:
> 035416
Grade: 2 bulls 6 cows
Turn 39:
> 305416
Grade: 2 bulls 6 cows
Turn 40:
> 503416
Grade: 3 bulls 6 cows
Turn 41:
> 053416
Grade: 2 bulls 6 cows
Turn 42:
> 350416
Grade: 3 bulls 6 cows
Turn 43:
> 530416
Grade: 4 bulls 6 cows
Turn 44:
> 540316
Grade: 3 bulls 6 cows
Turn 45:
> 450316
Grade: 2 bulls 6 cows
Turn 46:
> 054316
Grade: 1 bull 6 cows
Turn 47:
> 504316
Grade: 2 bulls 6 cows
Turn 48:
> 405316
Grade: 1 bull 6 cows
Turn 49:
> 045316
Grade: 1 bull 6 cows
Turn 50:
> 043516
Grade: 1 bull 6 cows
Turn 51:
> 403516
Grade: 1 bull 6 cows
Turn 52:
> 304516
Grade: 1 bull 6 cows
Turn 53:
> 034516
Grade: 1 bull 6 cows
Turn 54:
> 430516
Grade: 2 bulls 6 cows
Turn 55:
> 340516
Grade: 2 bulls 6 cows
Turn 56:
> 140536
Grade: 1 bull 6 cows
Turn 57:
> 410536
Grade: 1 bull 6 cows
Turn 58:
> 014536
Grade: 0 bulls 6 cows
Turn 59:
> 104536
Grade: 0 bulls 6 cows
Turn 60:
> 401536
Grade: 0 bulls 6 cows
Turn 61:
> 041536
Grade: 0 bulls 6 cows
Turn 62:
> 541036
Grade: 1 bull 6 cows
Turn 63:
> 451036
Grade: 0 bulls 6 cows
Turn 64:
> 154036
Grade: 0 bulls 6 cows
Turn 65:
> 514036
Grade: 1 bull 6 cows
Turn 66:
> 415036
Grade: 0 bulls 6 cows
Turn 67:
> 145036
Grade: 0 bulls 6 cows
Turn 68:
> 105436
Grade: 1 bull 6 cows
Turn 69:
> 015436
Grade: 1 bull 6 cows
Turn 70:
> 510436
Grade: 3 bulls 6 cows
Turn 71:
> 150436
Grade: 2 bulls 6 cows
Turn 72:
> 051436
Grade: 1 bull 6 cows
Turn 73:
> 501436
Grade: 2 bulls 6 cows
Turn 74:
> 504136
Grade: 1 bull 6 cows
Turn 75:
> 054136
Grade: 0 bulls 6 cows
Turn 76:
> 450136
Grade: 1 bull 6 cows
Turn 77:
> 540136
Grade: 2 bulls 6 cows
Turn 78:
> 045136
Grade: 0 bulls 6 cows
Turn 79:
> 405136
Grade: 0 bulls 6 cows
Turn 80:
> 305146
Grade: 0 bulls 6 cows
Turn 81:
> 035146
Grade: 0 bulls 6 cows
Turn 82:
> 530146
Grade: 2 bulls 6 cows
Turn 83:
> 350146
Grade: 1 bull 6 cows
Turn 84:
> 053146
Grade: 0 bulls 6 cows
Turn 85:
> 503146
Grade: 1 bull 6 cows
Turn 86:
> 103546
Grade: 0 bulls 6 cows
Turn 87:
> 013546
Grade: 0 bulls 6 cows
Turn 88:
> 310546
Grade: 1 bull 6 cows
Turn 89:
> 130546
Grade: 1 bull 6 cows
Turn 90:
> 031546
Grade: 0 bulls 6 cows
Turn 91:
> 301546
Grade: 0 bulls 6 cows
Turn 92:
> 351046
Grade: 0 bulls 6 cows
Turn 93:
> 531046
Grade: 1 bull 6 cows
Turn 94:
> 135046
Grade: 0 bulls 6 cows
Turn 95:
> 315046
Grade: 0 bulls 6 cows
Turn 96:
> 513046
Grade: 1 bull 6 cows
Turn 97:
> 153046
Grade: 0 bulls 6 cows
Turn 98:
> 150346
Grade: 1 bull 6 cows
Turn 99:
> 510346
Grade: 2 bulls 6 cows
Turn 100:
> 015346
Grade: 0 bulls 6 cows
Turn 101:
> 105346
Grade: 0 bulls 6 cows
Turn 102:
> 501346
Grade: 1 bull 6 cows
Turn 103:
> 051346
Grade: 0 bulls 6 cows
Turn 104:
> 451306
Grade: 0 bulls 6 cows
Turn 105:
> 541306
Grade: 1 bull 6 cows
Turn 106:
> 145306
Grade: 0 bulls 6 cows
Turn 107:
> 415306
Grade: 0 bulls 6 cows
Turn 108:
> 514306
Grade: 1 bull 6 cows
Turn 109:
> 154306
Grade: 0 bulls 6 cows
Turn 110:
> 354106
Grade: 0 bulls 6 cows
Turn 111:
> 534106
Grade: 1 bull 6 cows
Turn 112:
> 435106
Grade: 0 bulls 6 cows
Turn 113:
> 345106
Grade: 0 bulls 6 cows
Turn 114:
> 543106
Grade: 1 bull 6 cows
Turn 115:
> 453106
Grade: 0 bulls 6 cows
Turn 116:
> 413506
Grade: 0 bulls 6 cows
Turn 117:
> 143506
Grade: 0 bulls 6 cows
Turn 118:
> 341506
Grade: 0 bulls 6 cows
Turn 119:
> 431506
Grade: 0 bulls 6 cows
Turn 120:
> 134506
Grade: 0 bulls 6 cows
Turn 121:
> 314506
Grade: 0 bulls 6 cows
Turn 122:
> 315406
Grade: 1 bull 6 cows
Turn 123:
> 135406
Grade: 1 bull 6 cows
Turn 124:
> 531406
Grade: 2 bulls 6 cows
Turn 125:
> 351406
Grade: 1 bull 6 cows
Turn 126:
> 153406
Grade: 1 bull 6 cows
Turn 127:
> 513406
Grade: 2 bulls 6 cows
Turn 128:
> 613405
Grade: 1 bull 6 cows
Turn 129:
> 163405
Grade: 2 bulls 6 cows
Turn 130:
> 361405
Grade: 2 bulls 6 cows
Turn 131:
> 631405
Grade: 1 bull 6 cows
Turn 132:
> 136405
Grade: 1 bull 6 cows
Turn 133:
> 316405
Grade: 1 bull 6 cows
Turn 134:
> 416305
Grade: 0 bulls 6 cows
Turn 135:
> 146305
Grade: 0 bulls 6 cows
Turn 136:
> 641305
Grade: 0 bulls 6 cows
Turn 137:
> 461305
Grade: 1 bull 6 cows
Turn 138:
> 164305
Grade: 1 bull 6 cows
Turn 139:
> 614305
Grade: 0 bulls 6 cows
Turn 140:
> 634105
Grade: 0 bulls 6 cows
Turn 141:
> 364105
Grade: 1 bull 6 cows
Turn 142:
> 463105
Grade: 1 bull 6 cows
Turn 143:
> 643105
Grade: 0 bulls 6 cows
Turn 144:
> 346105
Grade: 0 bulls 6 cows
Turn 145:
> 436105
Grade: 0 bulls 6 cows
Turn 146:
> 431605
Grade: 0 bulls 6 cows
Turn 147:
> 341605
Grade: 0 bulls 6 cows
Turn 148:
> 143605
Grade: 0 bulls 6 cows
Turn 149:
> 413605
Grade: 0 bulls 6 cows
Turn 150:
> 314605
Grade: 0 bulls 6 cows
Turn 151:
> 134605
Grade: 0 bulls 6 cows
Turn 152:
> 034615
Grade: 1 bull 6 cows
Turn 153:
> 304615
Grade: 1 bull 6 cows
Turn 154:
> 403615
Grade: 1 bull 6 cows
Turn 155:
> 043615
Grade: 1 bull 6 cows
Turn 156:
> 340615
Grade: 2 bulls 6 cows
Turn 157:
> 430615
Grade: 2 bulls 6 cows
Turn 158:
> 630415
Grade: 3 bulls 6 cows
Turn 159:
> 360415
Grade: 4 bulls 6 cows
Turn 160:
> 063415
Grade: 3 bulls 6 cows
Turn 161:
> 603415
Grade: 2 bulls 6 cows
Turn 162:
> 306415
Grade: 2 bulls 6 cows
Turn 163:
> 036415
Grade: 2 bulls 6 cows
Turn 164:
> 046315
Grade: 1 bull 6 cows
Turn 165:
> 406315
Grade: 1 bull 6 cows
Turn 166:
> 604315
Grade: 1 bull 6 cows
Turn 167:
> 064315
Grade: 2 bulls 6 cows
Turn 168:
> 460315
Grade: 3 bulls 6 cows
Turn 169:
> 640315
Grade: 2 bulls 6 cows
Turn 170:
> 643015
Grade: 1 bull 6 cows
Turn 171:
> 463015
Grade: 2 bulls 6 cows
Turn 172:
> 364015
Grade: 2 bulls 6 cows
Turn 173:
> 634015
Grade: 1 bull 6 cows
Turn 174:
> 436015
Grade: 1 bull 6 cows
Turn 175:
> 346015
Grade: 1 bull 6 cows
Turn 176:
> 146035
Grade: 0 bulls 6 cows
Turn 177:
> 416035
Grade: 0 bulls 6 cows
Turn 178:
> 614035
Grade: 0 bulls 6 cows
Turn 179:
> 164035
Grade: 1 bull 6 cows
Turn 180:
> 461035
Grade: 1 bull 6 cows
Turn 181:
> 641035
Grade: 0 bulls 6 cows
Turn 182:
> 041635
Grade: 0 bulls 6 cows
Turn 183:
> 401635
Grade: 0 bulls 6 cows
Turn 184:
> 104635
Grade: 0 bulls 6 cows
Turn 185:
> 014635
Grade: 0 bulls 6 cows
Turn 186:
> 410635
Grade: 1 bull 6 cows
Turn 187:
> 140635
Grade: 1 bull 6 cows
Turn 188:
> 160435
Grade: 3 bulls 6 cows
Turn 189:
> 610435
Grade: 2 bulls 6 cows
Turn 190:
> 016435
Grade: 1 bull 6 cows
Turn 191:
> 106435
Grade: 1 bull 6 cows
Turn 192:
> 601435
Grade: 1 bull 6 cows
Turn 193:
> 061435
Grade: 2 bulls 6 cows
Turn 194:
> 064135
Grade: 1 bull 6 cows
Turn 195:
> 604135
Grade: 0 bulls 6 cows
Turn 196:
> 406135
Grade: 0 bulls 6 cows
Turn 197:
> 046135
Grade: 0 bulls 6 cows
Turn 198:
> 640135
Grade: 1 bull 6 cows
Turn 199:
> 460135
Grade: 2 bulls 6 cows
Turn 200:
> 360145
Grade: 2 bulls 6 cows
Turn 201:
> 630145
Grade: 1 bull 6 cows
Turn 202:
> 036145
Grade: 0 bulls 6 cows
Turn 203:
> 306145
Grade: 0 bulls 6 cows
Turn 204:
> 603145
Grade: 0 bulls 6 cows
Turn 205:
> 063145
Grade: 1 bull 6 cows
Turn 206:
> 163045
Grade: 1 bull 6 cows
Turn 207:
> 613045
Grade: 0 bulls 6 cows
Turn 208:
> 316045
Grade: 0 bulls 6 cows
Turn 209:
> 136045
Grade: 0 bulls 6 cows
Turn 210:
> 631045
Grade: 0 bulls 6 cows
Turn 211:
> 361045
Grade: 1 bull 6 cows
Turn 212:
> 301645
Grade: 0 bulls 6 cows
Turn 213:
> 031645
Grade: 0 bulls 6 cows
Turn 214:
> 130645
Grade: 1 bull 6 cows
Turn 215:
> 310645
Grade: 1 bull 6 cows
Turn 216:
> 013645
Grade: 0 bulls 6 cows
Turn 217:
> 103645
Grade: 0 bulls 6 cows
Turn 218:
> 106345
Grade: 0 bulls 6 cows
Turn 219:
> 016345
Grade: 0 bulls 6 cows
Turn 220:
> 610345
Grade: 1 bull 6 cows
Turn 221:
> 160345
Grade: 2 bulls 6 cows
Turn 222:
> 061345
Grade: 1 bull 6 cows
Turn 223:
> 601345
Grade: 0 bulls 6 cows
Turn 224:
> 401365
Grade: 0 bulls 6 cows
Turn 225:
> 041365
Grade: 0 bulls 6 cows
Turn 226:
> 140365
Grade: 1 bull 6 cows
Turn 227:
> 410365
Grade: 1 bull 6 cows
Turn 228:
> 014365
Grade: 0 bulls 6 cows
Turn 229:
> 104365
Grade: 0 bulls 6 cows
Turn 230:
> 304165
Grade: 0 bulls 6 cows
Turn 231:
> 034165
Grade: 0 bulls 6 cows
Turn 232:
> 430165
Grade: 1 bull 6 cows
Turn 233:
> 340165
Grade: 1 bull 6 cows
Turn 234:
> 043165
Grade: 0 bulls 6 cows
Turn 235:
> 403165
Grade: 0 bulls 6 cows
Turn 236:
> 413065
Grade: 0 bulls 6 cows
Turn 237:
> 143065
Grade: 0 bulls 6 cows
Turn 238:
> 341065
Grade: 0 bulls 6 cows
Turn 239:
> 431065
Grade: 0 bulls 6 cows
Turn 240:
> 134065
Grade: 0 bulls 6 cows
Turn 241:
> 314065
Grade: 0 bulls 6 cows
Turn 242:
> 310465
Grade: 2 bulls 6 cows
Turn 243:
> 130465
Grade: 2 bulls 6 cows
Turn 244:
> 031465
Grade: 1 bull 6 cows
Turn 245:
> 301465
Grade: 1 bull 6 cows
Turn 246:
> 103465
Grade: 1 bull 6 cows
Turn 247:
> 013465
Grade: 1 bull 6 cows
Turn 248:
> 053461
Grade: 1 bull 6 cows
Turn 249:
> 503461
Grade: 2 bulls 6 cows
Turn 250:
> 305461
Grade: 1 bull 6 cows
Turn 251:
> 035461
Grade: 1 bull 6 cows
Turn 252:
> 530461
Grade: 3 bulls 6 cows
Turn 253:
> 350461
Grade: 2 bulls 6 cows
Turn 254:
> 450361
Grade: 1 bull 6 cows
Turn 255:
> 540361
Grade: 2 bulls 6 cows
Turn 256:
> 045361
Grade: 0 bulls 6 cows
Turn 257:
> 405361
Grade: 0 bulls 6 cows
Turn 258:
> 504361
Grade: 1 bull 6 cows
Turn 259:
> 054361
Grade: 0 bulls 6 cows
Turn 260:
> 034561
Grade: 0 bulls 6 cows
Turn 261:
> 304561
Grade: 0 bulls 6 cows
Turn 262:
> 403561
Grade: 0 bulls 6 cows
Turn 263:
> 043561
Grade: 0 bulls 6 cows
Turn 264:
> 340561
Grade: 1 bull 6 cows
Turn 265:
> 430561
Grade: 1 bull 6 cows
Turn 266:
> 435061
Grade: 0 bulls 6 cows
Turn 267:
> 345061
Grade: 0 bulls 6 cows
Turn 268:
> 543061
Grade: 1 bull 6 cows
Turn 269:
> 453061
Grade: 0 bulls 6 cows
Turn 270:
> 354061
Grade: 0 bulls 6 cows
Turn 271:
> 534061
Grade: 1 bull 6 cows
Turn 272:
> 634051
Grade: 0 bulls 6 cows
Turn 273:
> 364051
Grade: 1 bull 6 cows
Turn 274:
> 463051
Grade: 1 bull 6 cows
Turn 275:
> 643051
Grade: 0 bulls 6 cows
Turn 276:
> 346051
Grade: 0 bulls 6 cows
Turn 277:
> 436051
Grade: 0 bulls 6 cows
Turn 278:
> 036451
Grade: 1 bull 6 cows
Turn 279:
> 306451
Grade: 1 bull 6 cows
Turn 280:
> 603451
Grade: 1 bull 6 cows
Turn 281:
> 063451
Grade: 2 bulls 6 cows
Turn 282:
> 360451
Grade: 3 bulls 6 cows
Turn 283:
> 630451
Grade: 2 bulls 6 cows
Turn 284:
> 640351
Grade: 1 bull 6 cows
Turn 285:
> 460351
Grade: 2 bulls 6 cows
Turn 286:
> 064351
Grade: 1 bull 6 cows
Turn 287:
> 604351
Grade: 0 bulls 6 cows
Turn 288:
> 406351
Grade: 0 bulls 6 cows
Turn 289:
> 046351
Grade: 0 bulls 6 cows
Turn 290:
> 043651
Grade: 0 bulls 6 cows
Turn 291:
> 403651
Grade: 0 bulls 6 cows
Turn 292:
> 304651
Grade: 0 bulls 6 cows
Turn 293:
> 034651
Grade: 0 bulls 6 cows
Turn 294:
> 430651
Grade: 1 bull 6 cows
Turn 295:
> 340651
Grade: 1 bull 6 cows
Turn 296:
> 540631
Grade: 2 bulls 6 cows
Turn 297:
> 450631
Grade: 1 bull 6 cows
Turn 298:
> 054631
Grade: 0 bulls 6 cows
Turn 299:
> 504631
Grade: 1 bull 6 cows
Turn 300:
> 405631
Grade: 0 bulls 6 cows
Turn 301:
> 045631
Grade: 0 bulls 6 cows
Turn 302:
> 645031
Grade: 0 bulls 6 cows
Turn 303:
> 465031
Grade: 1 bull 6 cows
Turn 304:
> 564031
Grade: 2 bulls 6 cows
Turn 305:
> 654031
Grade: 0 bulls 6 cows
Turn 306:
> 456031
Grade: 0 bulls 6 cows
Turn 307:
> 546031
Grade: 1 bull 6 cows
Turn 308:
> 506431
Grade: 2 bulls 6 cows
Turn 309:
> 056431
Grade: 1 bull 6 cows
Turn 310:
> 650431
Grade: 2 bulls 6 cows
Turn 311:
> 560431
Grade: 4 bulls 6 cows
Turn 312:
> 065431
Grade: 2 bulls 6 cows
Turn 313:
> 605431
Grade: 1 bull 6 cows
Turn 314:
> 604531
Grade: 0 bulls 6 cows
Turn 315:
> 064531
Grade: 1 bull 6 cows
Turn 316:
> 460531
Grade: 2 bulls 6 cows
Turn 317:
> 640531
Grade: 1 bull 6 cows
Turn 318:
> 046531
Grade: 0 bulls 6 cows
Turn 319:
> 406531
Grade: 0 bulls 6 cows
Turn 320:
> 306541
Grade: 0 bulls 6 cows
Turn 321:
> 036541
Grade: 0 bulls 6 cows
Turn 322:
> 630541
Grade: 1 bull 6 cows
Turn 323:
> 360541
Grade: 2 bulls 6 cows
Turn 324:
> 063541
Grade: 1 bull 6 cows
Turn 325:
> 603541
Grade: 0 bulls 6 cows
Turn 326:
> 503641
Grade: 1 bull 6 cows
Turn 327:
> 053641
Grade: 0 bulls 6 cows
Turn 328:
> 350641
Grade: 1 bull 6 cows
Turn 329:
> 530641
Grade: 2 bulls 6 cows
Turn 330:
> 035641
Grade: 0 bulls 6 cows
Turn 331:
> 305641
Grade: 0 bulls 6 cows
Turn 332:
> 365041
Grade: 1 bull 6 cows
Turn 333:
> 635041
Grade: 0 bulls 6 cows
Turn 334:
> 536041
Grade: 1 bull 6 cows
Turn 335:
> 356041
Grade: 0 bulls 6 cows
Turn 336:
> 653041
Grade: 0 bulls 6 cows
Turn 337:
> 563041
Grade: 2 bulls 6 cows
Turn 338:
> 560341
Grade: 3 bulls 6 cows
Turn 339:
> 650341
Grade: 1 bull 6 cows
Turn 340:
> 056341
Grade: 0 bulls 6 cows
Turn 341:
> 506341
Grade: 1 bull 6 cows
Turn 342:
> 605341
Grade: 0 bulls 6 cows
Turn 343:
> 065341
Grade: 1 bull 6 cows
Turn 344:
> 465301
Grade: 1 bull 6 cows
Turn 345:
> 645301
Grade: 0 bulls 6 cows
Turn 346:
> 546301
Grade: 1 bull 6 cows
Turn 347:
> 456301
Grade: 0 bulls 6 cows
Turn 348:
> 654301
Grade: 0 bulls 6 cows
Turn 349:
> 564301
Grade: 2 bulls 6 cows
Turn 350:
> 364501
Grade: 1 bull 6 cows
Turn 351:
> 634501
Grade: 0 bulls 6 cows
Turn 352:
> 436501
Grade: 0 bulls 6 cows
Turn 353:
> 346501
Grade: 0 bulls 6 cows
Turn 354:
> 643501
Grade: 0 bulls 6 cows
Turn 355:
> 463501
Grade: 1 bull 6 cows
Turn 356:
> 453601
Grade: 0 bulls 6 cows
Turn 357:
> 543601
Grade: 1 bull 6 cows
Turn 358:
> 345601
Grade: 0 bulls 6 cows
Turn 359:
> 435601
Grade: 0 bulls 6 cows
Turn 360:
> 534601
Grade: 1 bull 6 cows
Turn 361:
> 354601
Grade: 0 bulls 6 cows
Turn 362:
> 356401
Grade: 1 bull 6 cows
Turn 363:
> 536401
Grade: 2 bulls 6 cows
Turn 364:
> 635401
Grade: 1 bull 6 cows
Turn 365:
> 365401
Grade: 2 bulls 6 cows
Turn 366:
> 563401
Grade: 3 bulls 6 cows
Turn 367:
> 653401
Grade: 1 bull 6 cows
Turn 368:
> 651403
Grade: 2 bulls 6 cows
Turn 369:
> 561403
Grade: 4 bulls 6 cows
Turn 370:
> 165403
Grade: 3 bulls 6 cows
Turn 371:
> 615403
Grade: 2 bulls 6 cows
Turn 372:
> 516403
Grade: 3 bulls 6 cows
Turn 373:
> 156403
Grade: 2 bulls 6 cows
Turn 374:
> 456103
Grade: 1 bull 6 cows
Turn 375:
> 546103
Grade: 2 bulls 6 cows
Turn 376:
> 645103
Grade: 1 bull 6 cows
Turn 377:
> 465103
Grade: 2 bulls 6 cows
Turn 378:
> 564103
Grade: 3 bulls 6 cows
Turn 379:
> 654103
Grade: 1 bull 6 cows
Turn 380:
> 614503
Grade: 1 bull 6 cows
Turn 381:
> 164503
Grade: 2 bulls 6 cows
Turn 382:
> 461503
Grade: 2 bulls 6 cows
Turn 383:
> 641503
Grade: 1 bull 6 cows
Turn 384:
> 146503
Grade: 1 bull 6 cows
Turn 385:
> 416503
Grade: 1 bull 6 cows
Turn 386:
> 415603
Grade: 1 bull 6 cows
Turn 387:
> 145603
Grade: 1 bull 6 cows
Turn 388:
> 541603
Grade: 2 bulls 6 cows
Turn 389:
> 451603
Grade: 1 bull 6 cows
Turn 390:
> 154603
Grade: 1 bull 6 cows
Turn 391:
> 514603
Grade: 2 bulls 6 cows
Turn 392:
> 014653
Grade: 1 bull 6 cows
Turn 393:
> 104653
Grade: 1 bull 6 cows
Turn 394:
> 401653
Grade: 1 bull 6 cows
Turn 395:
> 041653
Grade: 1 bull 6 cows
Turn 396:
> 140653
Grade: 2 bulls 6 cows
Turn 397:
> 410653
Grade: 2 bulls 6 cows
Turn 398:
> 610453
Grade: 3 bulls 6 cows
Turn 399:
> 160453
Grade: 4 bulls 6 cows
Turn 400:
> 061453
Grade: 3 bulls 6 cows
Turn 401:
> 601453
Grade: 2 bulls 6 cows
Turn 402:
> 106453
Grade: 2 bulls 6 cows
Turn 403:
> 016453
Grade: 2 bulls 6 cows
Turn 404:
> 046153
Grade: 1 bull 6 cows
Turn 405:
> 406153
Grade: 1 bull 6 cows
Turn 406:
> 604153
Grade: 1 bull 6 cows
Turn 407:
> 064153
Grade: 2 bulls 6 cows
Turn 408:
> 460153
Grade: 3 bulls 6 cows
Turn 409:
> 640153
Grade: 2 bulls 6 cows
Turn 410:
> 641053
Grade: 1 bull 6 cows
Turn 411:
> 461053
Grade: 2 bulls 6 cows
Turn 412:
> 164053
Grade: 2 bulls 6 cows
Turn 413:
> 614053
Grade: 1 bull 6 cows
Turn 414:
> 416053
Grade: 1 bull 6 cows
Turn 415:
> 146053
Grade: 1 bull 6 cows
Turn 416:
> 546013
Grade: 3 bulls 6 cows
Turn 417:
> 456013
Grade: 2 bulls 6 cows
Turn 418:
> 654013
Grade: 2 bulls 6 cows
Turn 419:
> 564013
Grade: 4 bulls 6 cows
Turn 420:
> 465013
Grade: 3 bulls 6 cows
Turn 421:
> 645013
Grade: 2 bulls 6 cows
Turn 422:
> 045613
Grade: 2 bulls 6 cows
Turn 423:
> 405613
Grade: 2 bulls 6 cows
Turn 424:
> 504613
Grade: 3 bulls 6 cows
Turn 425:
> 054613
Grade: 2 bulls 6 cows
Turn 426:
> 450613
Grade: 3 bulls 6 cows
Turn 427:
> 540613
Grade: 4 bulls 6 cows
Turn 428:
> 560413
Grade: 6 bulls 6 cows
Congratulations! You guessed the secret code.
?[1;31m
Start test 4?[0m
Input the length of the secret code:
> 4
Input the number of possible symbols in the code:
> 16
The secret is prepared: **** (0-9, a-f).
Okay, let's start a game!
Turn 1:
> 0000
Grade: 0 bulls 0 cows
Turn 2:
> 1111
Grade: 1 bull 4 cows
Turn 3:
> 2222
Grade: 1 bull 4 cows
Turn 4:
> 3333
Grade: 0 bulls 0 cows
Turn 5:
> 4444
Grade: 0 bulls 0 cows
Turn 6:
> 5555
Grade: 0 bulls 0 cows
Turn 7:
> 6666
Grade: 1 bull 4 cows
Turn 8:
> 7777
Grade: 0 bulls 0 cows
Turn 9:
> 8888
Grade: 0 bulls 0 cows
Turn 10:
> 9999
Grade: 0 bulls 0 cows
Turn 11:
> aaaa
Grade: 0 bulls 0 cows
Turn 12:
> bbbb
Grade: 1 bull 4 cows
Turn 13:
> 126b
Grade: 1 bull 4 cows
Turn 14:
> 216b
Grade: 2 bulls 4 cows
Turn 15:
> 612b
Grade: 1 bull 4 cows
Turn 16:
> 162b
Grade: 2 bulls 4 cows
Turn 17:
> 261b
Grade: 4 bulls 4 cows
Congratulations! You guessed the secret code.
?[1;31m
Start test 5?[0m
Input the length of the secret code:
> 6
Input the number of possible symbols in the code:
> 36
The secret is prepared: ****** (0-9, a-z).
Okay, let's start a game!
Turn 1:
> 000000
Grade: 0 bulls 0 cows
Turn 2:
> 111111
Grade: 0 bulls 0 cows
Turn 3:
> 222222
Grade: 0 bulls 0 cows
Turn 4:
> 333333
Grade: 0 bulls 0 cows
Turn 5:
> 444444
Grade: 0 bulls 0 cows
Turn 6:
> 555555
Grade: 0 bulls 0 cows
Turn 7:
> 666666
Grade: 1 bull 6 cows
Turn 8:
> 777777
Grade: 0 bulls 0 cows
Turn 9:
> 888888
Grade: 0 bulls 0 cows
Turn 10:
> 999999
Grade: 0 bulls 0 cows
Turn 11:
> aaaaaa
Grade: 0 bulls 0 cows
Turn 12:
> bbbbbb
Grade: 0 bulls 0 cows
Turn 13:
> cccccc
Grade: 1 bull 6 cows
Turn 14:
> dddddd
Grade: 1 bull 6 cows
Turn 15:
> eeeeee
Grade: 0 bulls 0 cows
Turn 16:
> ffffff
Grade: 0 bulls 0 cows
Turn 17:
> gggggg
Grade: 0 bulls 0 cows
Turn 18:
> hhhhhh
Grade: 1 bull 6 cows
Turn 19:
> iiiiii
Grade: 0 bulls 0 cows
Turn 20:
> jjjjjj
Grade: 0 bulls 0 cows
Turn 21:
> kkkkkk
Grade: 1 bull 6 cows
Turn 22:
> llllll
Grade: 0 bulls 0 cows
Turn 23:
> mmmmmm
Grade: 1 bull 6 cows
Turn 24:
> 6cdhkm
Grade: 0 bulls 6 cows
Turn 25:
> c6dhkm
Grade: 1 bull 6 cows
Turn 26:
> d6chkm
Grade: 0 bulls 6 cows
Turn 27:
> 6dchkm
Grade: 0 bulls 6 cows
Turn 28:
> cd6hkm
Grade: 1 bull 6 cows
Turn 29:
> dc6hkm
Grade: 0 bulls 6 cows
Turn 30:
> hc6dkm
Grade: 0 bulls 6 cows
Turn 31:
> ch6dkm
Grade: 2 bulls 6 cows
Turn 32:
> 6hcdkm
Grade: 1 bull 6 cows
Turn 33:
> h6cdkm
Grade: 0 bulls 6 cows
Turn 34:
> c6hdkm
Grade: 1 bull 6 cows
Turn 35:
> 6chdkm
Grade: 0 bulls 6 cows
Turn 36:
> 6dhckm
Grade: 0 bulls 6 cows
Turn 37:
> d6hckm
Grade: 0 bulls 6 cows
Turn 38:
> h6dckm
Grade: 0 bulls 6 cows
Turn 39:
> 6hdckm
Grade: 1 bull 6 cows
Turn 40:
> dh6ckm
Grade: 1 bull 6 cows
Turn 41:
> hd6ckm
Grade: 0 bulls 6 cows
Turn 42:
> hdc6km
Grade: 0 bulls 6 cows
Turn 43:
> dhc6km
Grade: 1 bull 6 cows
Turn 44:
> chd6km
Grade: 2 bulls 6 cows
Turn 45:
> hcd6km
Grade: 0 bulls 6 cows
Turn 46:
> dch6km
Grade: 0 bulls 6 cows
Turn 47:
> cdh6km
Grade: 1 bull 6 cows
Turn 48:
> kdh6cm
Grade: 0 bulls 6 cows
Turn 49:
> dkh6cm
Grade: 0 bulls 6 cows
Turn 50:
> hkd6cm
Grade: 0 bulls 6 cows
Turn 51:
> khd6cm
Grade: 1 bull 6 cows
Turn 52:
> dhk6cm
Grade: 1 bull 6 cows
Turn 53:
> hdk6cm
Grade: 0 bulls 6 cows
Turn 54:
> 6dkhcm
Grade: 0 bulls 6 cows
Turn 55:
> d6khcm
Grade: 0 bulls 6 cows
Turn 56:
> k6dhcm
Grade: 0 bulls 6 cows
Turn 57:
> 6kdhcm
Grade: 0 bulls 6 cows
Turn 58:
> dk6hcm
Grade: 0 bulls 6 cows
Turn 59:
> kd6hcm
Grade: 0 bulls 6 cows
Turn 60:
> kh6dcm
Grade: 1 bull 6 cows
Turn 61:
> hk6dcm
Grade: 0 bulls 6 cows
Turn 62:
> 6khdcm
Grade: 0 bulls 6 cows
Turn 63:
> k6hdcm
Grade: 0 bulls 6 cows
Turn 64:
> h6kdcm
Grade: 0 bulls 6 cows
Turn 65:
> 6hkdcm
Grade: 1 bull 6 cows
Turn 66:
> 6hdkcm
Grade: 2 bulls 6 cows
Turn 67:
> h6dkcm
Grade: 1 bull 6 cows
Turn 68:
> d6hkcm
Grade: 1 bull 6 cows
Turn 69:
> 6dhkcm
Grade: 1 bull 6 cows
Turn 70:
> hd6kcm
Grade: 1 bull 6 cows
Turn 71:
> dh6kcm
Grade: 2 bulls 6 cows
Turn 72:
> ch6kdm
Grade: 3 bulls 6 cows
Turn 73:
> hc6kdm
Grade: 1 bull 6 cows
Turn 74:
> 6chkdm
Grade: 1 bull 6 cows
Turn 75:
> c6hkdm
Grade: 2 bulls 6 cows
Turn 76:
> h6ckdm
Grade: 1 bull 6 cows
Turn 77:
> 6hckdm
Grade: 2 bulls 6 cows
Turn 78:
> khc6dm
Grade: 1 bull 6 cows
Turn 79:
> hkc6dm
Grade: 0 bulls 6 cows
Turn 80:
> ckh6dm
Grade: 1 bull 6 cows
Turn 81:
> kch6dm
Grade: 0 bulls 6 cows
Turn 82:
> hck6dm
Grade: 0 bulls 6 cows
Turn 83:
> chk6dm
Grade: 2 bulls 6 cows
Turn 84:
> c6khdm
Grade: 1 bull 6 cows
Turn 85:
> 6ckhdm
Grade: 0 bulls 6 cows
Turn 86:
> kc6hdm
Grade: 0 bulls 6 cows
Turn 87:
> ck6hdm
Grade: 1 bull 6 cows
Turn 88:
> 6kchdm
Grade: 0 bulls 6 cows
Turn 89:
> k6chdm
Grade: 0 bulls 6 cows
Turn 90:
> k6hcdm
Grade: 0 bulls 6 cows
Turn 91:
> 6khcdm
Grade: 0 bulls 6 cows
Turn 92:
> hk6cdm
Grade: 0 bulls 6 cows
Turn 93:
> kh6cdm
Grade: 1 bull 6 cows
Turn 94:
> 6hkcdm
Grade: 1 bull 6 cows
Turn 95:
> h6kcdm
Grade: 0 bulls 6 cows
Turn 96:
> d6kchm
Grade: 0 bulls 6 cows
Turn 97:
> 6dkchm
Grade: 0 bulls 6 cows
Turn 98:
> kd6chm
Grade: 0 bulls 6 cows
Turn 99:
> dk6chm
Grade: 0 bulls 6 cows
Turn 100:
> 6kdchm
Grade: 0 bulls 6 cows
Turn 101:
> k6dchm
Grade: 0 bulls 6 cows
Turn 102:
> c6dkhm
Grade: 2 bulls 6 cows
Turn 103:
> 6cdkhm
Grade: 1 bull 6 cows
Turn 104:
> dc6khm
Grade: 1 bull 6 cows
Turn 105:
> cd6khm
Grade: 2 bulls 6 cows
Turn 106:
> 6dckhm
Grade: 1 bull 6 cows
Turn 107:
> d6ckhm
Grade: 1 bull 6 cows
Turn 108:
> dkc6hm
Grade: 0 bulls 6 cows
Turn 109:
> kdc6hm
Grade: 0 bulls 6 cows
Turn 110:
> cdk6hm
Grade: 1 bull 6 cows
Turn 111:
> dck6hm
Grade: 0 bulls 6 cows
Turn 112:
> kcd6hm
Grade: 0 bulls 6 cows
Turn 113:
> ckd6hm
Grade: 1 bull 6 cows
Turn 114:
> ck6dhm
Grade: 1 bull 6 cows
Turn 115:
> kc6dhm
Grade: 0 bulls 6 cows
Turn 116:
> 6ckdhm
Grade: 0 bulls 6 cows
Turn 117:
> c6kdhm
Grade: 1 bull 6 cows
Turn 118:
> k6cdhm
Grade: 0 bulls 6 cows
Turn 119:
> 6kcdhm
Grade: 0 bulls 6 cows
Turn 120:
> hkcd6m
Grade: 1 bull 6 cows
Turn 121:
> khcd6m
Grade: 2 bulls 6 cows
Turn 122:
> chkd6m
Grade: 3 bulls 6 cows
Turn 123:
> hckd6m
Grade: 1 bull 6 cows
Turn 124:
> kchd6m
Grade: 1 bull 6 cows
Turn 125:
> ckhd6m
Grade: 2 bulls 6 cows
Turn 126:
> dkhc6m
Grade: 1 bull 6 cows
Turn 127:
> kdhc6m
Grade: 1 bull 6 cows
Turn 128:
> hdkc6m
Grade: 1 bull 6 cows
Turn 129:
> dhkc6m
Grade: 2 bulls 6 cows
Turn 130:
> khdc6m
Grade: 2 bulls 6 cows
Turn 131:
> hkdc6m
Grade: 1 bull 6 cows
Turn 132:
> hcdk6m
Grade: 2 bulls 6 cows
Turn 133:
> chdk6m
Grade: 4 bulls 6 cows
Turn 134:
> dhck6m
Grade: 3 bulls 6 cows
Turn 135:
> hdck6m
Grade: 2 bulls 6 cows
Turn 136:
> cdhk6m
Grade: 3 bulls 6 cows
Turn 137:
> dchk6m
Grade: 2 bulls 6 cows
Turn 138:
> dckh6m
Grade: 1 bull 6 cows
Turn 139:
> cdkh6m
Grade: 2 bulls 6 cows
Turn 140:
> kdch6m
Grade: 1 bull 6 cows
Turn 141:
> dkch6m
Grade: 1 bull 6 cows
Turn 142:
> ckdh6m
Grade: 2 bulls 6 cows
Turn 143:
> kcdh6m
Grade: 1 bull 6 cows
Turn 144:
> mcdh6k
Grade: 1 bull 6 cows
Turn 145:
> cmdh6k
Grade: 2 bulls 6 cows
Turn 146:
> dmch6k
Grade: 1 bull 6 cows
Turn 147:
> mdch6k
Grade: 1 bull 6 cows
Turn 148:
> cdmh6k
Grade: 3 bulls 6 cows
Turn 149:
> dcmh6k
Grade: 2 bulls 6 cows
Turn 150:
> hcmd6k
Grade: 2 bulls 6 cows
Turn 151:
> chmd6k
Grade: 4 bulls 6 cows
Turn 152:
> mhcd6k
Grade: 2 bulls 6 cows
Turn 153:
> hmcd6k
Grade: 1 bull 6 cows
Turn 154:
> cmhd6k
Grade: 2 bulls 6 cows
Turn 155:
> mchd6k
Grade: 1 bull 6 cows
Turn 156:
> mdhc6k
Grade: 1 bull 6 cows
Turn 157:
> dmhc6k
Grade: 1 bull 6 cows
Turn 158:
> hmdc6k
Grade: 1 bull 6 cows
Turn 159:
> mhdc6k
Grade: 2 bulls 6 cows
Turn 160:
> dhmc6k
Grade: 3 bulls 6 cows
Turn 161:
> hdmc6k
Grade: 2 bulls 6 cows
Turn 162:
> hdcm6k
Grade: 1 bull 6 cows
Turn 163:
> dhcm6k
Grade: 2 bulls 6 cows
Turn 164:
> chdm6k
Grade: 3 bulls 6 cows
Turn 165:
> hcdm6k
Grade: 1 bull 6 cows
Turn 166:
> dchm6k
Grade: 1 bull 6 cows
Turn 167:
> cdhm6k
Grade: 2 bulls 6 cows
Turn 168:
> 6dhmck
Grade: 0 bulls 6 cows
Turn 169:
> d6hmck
Grade: 0 bulls 6 cows
Turn 170:
> h6dmck
Grade: 0 bulls 6 cows
Turn 171:
> 6hdmck
Grade: 1 bull 6 cows
Turn 172:
> dh6mck
Grade: 1 bull 6 cows
Turn 173:
> hd6mck
Grade: 0 bulls 6 cows
Turn 174:
> md6hck
Grade: 0 bulls 6 cows
Turn 175:
> dm6hck
Grade: 0 bulls 6 cows
Turn 176:
> 6mdhck
Grade: 0 bulls 6 cows
Turn 177:
> m6dhck
Grade: 0 bulls 6 cows
Turn 178:
> d6mhck
Grade: 1 bull 6 cows
Turn 179:
> 6dmhck
Grade: 1 bull 6 cows
Turn 180:
> 6hmdck
Grade: 2 bulls 6 cows
Turn 181:
> h6mdck
Grade: 1 bull 6 cows
Turn 182:
> m6hdck
Grade: 0 bulls 6 cows
Turn 183:
> 6mhdck
Grade: 0 bulls 6 cows
Turn 184:
> hm6dck
Grade: 0 bulls 6 cows
Turn 185:
> mh6dck
Grade: 1 bull 6 cows
Turn 186:
> mhd6ck
Grade: 1 bull 6 cows
Turn 187:
> hmd6ck
Grade: 0 bulls 6 cows
Turn 188:
> dmh6ck
Grade: 0 bulls 6 cows
Turn 189:
> mdh6ck
Grade: 0 bulls 6 cows
Turn 190:
> hdm6ck
Grade: 1 bull 6 cows
Turn 191:
> dhm6ck
Grade: 2 bulls 6 cows
Turn 192:
> chm6dk
Grade: 3 bulls 6 cows
Turn 193:
> hcm6dk
Grade: 1 bull 6 cows
Turn 194:
> mch6dk
Grade: 0 bulls 6 cows
Turn 195:
> cmh6dk
Grade: 1 bull 6 cows
Turn 196:
> hmc6dk
Grade: 0 bulls 6 cows
Turn 197:
> mhc6dk
Grade: 1 bull 6 cows
Turn 198:
> 6hcmdk
Grade: 1 bull 6 cows
Turn 199:
> h6cmdk
Grade: 0 bulls 6 cows
Turn 200:
> c6hmdk
Grade: 1 bull 6 cows
Turn 201:
> 6chmdk
Grade: 0 bulls 6 cows
Turn 202:
> hc6mdk
Grade: 0 bulls 6 cows
Turn 203:
> ch6mdk
Grade: 2 bulls 6 cows
Turn 204:
> cm6hdk
Grade: 1 bull 6 cows
Turn 205:
> mc6hdk
Grade: 0 bulls 6 cows
Turn 206:
> 6cmhdk
Grade: 1 bull 6 cows
Turn 207:
> c6mhdk
Grade: 2 bulls 6 cows
Turn 208:
> m6chdk
Grade: 0 bulls 6 cows
Turn 209:
> 6mchdk
Grade: 0 bulls 6 cows
Turn 210:
> 6mhcdk
Grade: 0 bulls 6 cows
Turn 211:
> m6hcdk
Grade: 0 bulls 6 cows
Turn 212:
> h6mcdk
Grade: 1 bull 6 cows
Turn 213:
> 6hmcdk
Grade: 2 bulls 6 cows
Turn 214:
> mh6cdk
Grade: 1 bull 6 cows
Turn 215:
> hm6cdk
Grade: 0 bulls 6 cows
Turn 216:
> dm6chk
Grade: 0 bulls 6 cows
Turn 217:
> md6chk
Grade: 0 bulls 6 cows
Turn 218:
> 6dmchk
Grade: 1 bull 6 cows
Turn 219:
> d6mchk
Grade: 1 bull 6 cows
Turn 220:
> m6dchk
Grade: 0 bulls 6 cows
Turn 221:
> 6mdchk
Grade: 0 bulls 6 cows
Turn 222:
> cmd6hk
Grade: 1 bull 6 cows
Turn 223:
> mcd6hk
Grade: 0 bulls 6 cows
Turn 224:
> dcm6hk
Grade: 1 bull 6 cows
Turn 225:
> cdm6hk
Grade: 2 bulls 6 cows
Turn 226:
> mdc6hk
Grade: 0 bulls 6 cows
Turn 227:
> dmc6hk
Grade: 0 bulls 6 cows
Turn 228:
> d6cmhk
Grade: 0 bulls 6 cows
Turn 229:
> 6dcmhk
Grade: 0 bulls 6 cows
Turn 230:
> cd6mhk
Grade: 1 bull 6 cows
Turn 231:
> dc6mhk
Grade: 0 bulls 6 cows
Turn 232:
> 6cdmhk
Grade: 0 bulls 6 cows
Turn 233:
> c6dmhk
Grade: 1 bull 6 cows
Turn 234:
> c6mdhk
Grade: 2 bulls 6 cows
Turn 235:
> 6cmdhk
Grade: 1 bull 6 cows
Turn 236:
> mc6dhk
Grade: 0 bulls 6 cows
Turn 237:
> cm6dhk
Grade: 1 bull 6 cows
Turn 238:
> 6mcdhk
Grade: 0 bulls 6 cows
Turn 239:
> m6cdhk
Grade: 0 bulls 6 cows
Turn 240:
> h6cdmk
Grade: 0 bulls 6 cows
Turn 241:
> 6hcdmk
Grade: 1 bull 6 cows
Turn 242:
> ch6dmk
Grade: 2 bulls 6 cows
Turn 243:
> hc6dmk
Grade: 0 bulls 6 cows
Turn 244:
> 6chdmk
Grade: 0 bulls 6 cows
Turn 245:
> c6hdmk
Grade: 1 bull 6 cows
Turn 246:
> d6hcmk
Grade: 0 bulls 6 cows
Turn 247:
> 6dhcmk
Grade: 0 bulls 6 cows
Turn 248:
> hd6cmk
Grade: 0 bulls 6 cows
Turn 249:
> dh6cmk
Grade: 1 bull 6 cows
Turn 250:
> 6hdcmk
Grade: 1 bull 6 cows
Turn 251:
> h6dcmk
Grade: 0 bulls 6 cows
Turn 252:
> hcd6mk
Grade: 0 bulls 6 cows
Turn 253:
> chd6mk
Grade: 2 bulls 6 cows
Turn 254:
> dhc6mk
Grade: 1 bull 6 cows
Turn 255:
> hdc6mk
Grade: 0 bulls 6 cows
Turn 256:
> cdh6mk
Grade: 1 bull 6 cows
Turn 257:
> dch6mk
Grade: 0 bulls 6 cows
Turn 258:
> dc6hmk
Grade: 0 bulls 6 cows
Turn 259:
> cd6hmk
Grade: 1 bull 6 cows
Turn 260:
> 6dchmk
Grade: 0 bulls 6 cows
Turn 261:
> d6chmk
Grade: 0 bulls 6 cows
Turn 262:
> c6dhmk
Grade: 1 bull 6 cows
Turn 263:
> 6cdhmk
Grade: 0 bulls 6 cows
Turn 264:
> 6kdhmc
Grade: 0 bulls 6 cows
Turn 265:
> k6dhmc
Grade: 0 bulls 6 cows
Turn 266:
> d6khmc
Grade: 0 bulls 6 cows
Turn 267:
> 6dkhmc
Grade: 0 bulls 6 cows
Turn 268:
> kd6hmc
Grade: 0 bulls 6 cows
Turn 269:
> dk6hmc
Grade: 0 bulls 6 cows
Turn 270:
> hk6dmc
Grade: 0 bulls 6 cows
Turn 271:
> kh6dmc
Grade: 1 bull 6 cows
Turn 272:
> 6hkdmc
Grade: 1 bull 6 cows
Turn 273:
> h6kdmc
Grade: 0 bulls 6 cows
Turn 274:
> k6hdmc
Grade: 0 bulls 6 cows
Turn 275:
> 6khdmc
Grade: 0 bulls 6 cows
Turn 276:
> 6dhkmc
Grade: 1 bull 6 cows
Turn 277:
> d6hkmc
Grade: 1 bull 6 cows
Turn 278:
> h6dkmc
Grade: 1 bull 6 cows
Turn 279:
> 6hdkmc
Grade: 2 bulls 6 cows
Turn 280:
> dh6kmc
Grade: 2 bulls 6 cows
Turn 281:
> hd6kmc
Grade: 1 bull 6 cows
Turn 282:
> hdk6mc
Grade: 0 bulls 6 cows
Turn 283:
> dhk6mc
Grade: 1 bull 6 cows
Turn 284:
> khd6mc
Grade: 1 bull 6 cows
Turn 285:
> hkd6mc
Grade: 0 bulls 6 cows
Turn 286:
> dkh6mc
Grade: 0 bulls 6 cows
Turn 287:
> kdh6mc
Grade: 0 bulls 6 cows
Turn 288:
> mdh6kc
Grade: 0 bulls 6 cows
Turn 289:
> dmh6kc
Grade: 0 bulls 6 cows
Turn 290:
> hmd6kc
Grade: 0 bulls 6 cows
Turn 291:
> mhd6kc
Grade: 1 bull 6 cows
Turn 292:
> dhm6kc
Grade: 2 bulls 6 cows
Turn 293:
> hdm6kc
Grade: 1 bull 6 cows
Turn 294:
> 6dmhkc
Grade: 1 bull 6 cows
Turn 295:
> d6mhkc
Grade: 1 bull 6 cows
Turn 296:
> m6dhkc
Grade: 0 bulls 6 cows
Turn 297:
> 6mdhkc
Grade: 0 bulls 6 cows
Turn 298:
> dm6hkc
Grade: 0 bulls 6 cows
Turn 299:
> md6hkc
Grade: 0 bulls 6 cows
Turn 300:
> mh6dkc
Grade: 1 bull 6 cows
Turn 301:
> hm6dkc
Grade: 0 bulls 6 cows
Turn 302:
> 6mhdkc
Grade: 0 bulls 6 cows
Turn 303:
> m6hdkc
Grade: 0 bulls 6 cows
Turn 304:
> h6mdkc
Grade: 1 bull 6 cows
Turn 305:
> 6hmdkc
Grade: 2 bulls 6 cows
Turn 306:
> 6hdmkc
Grade: 1 bull 6 cows
Turn 307:
> h6dmkc
Grade: 0 bulls 6 cows
Turn 308:
> d6hmkc
Grade: 0 bulls 6 cows
Turn 309:
> 6dhmkc
Grade: 0 bulls 6 cows
Turn 310:
> hd6mkc
Grade: 0 bulls 6 cows
Turn 311:
> dh6mkc
Grade: 1 bull 6 cows
Turn 312:
> kh6mdc
Grade: 1 bull 6 cows
Turn 313:
> hk6mdc
Grade: 0 bulls 6 cows
Turn 314:
> 6khmdc
Grade: 0 bulls 6 cows
Turn 315:
> k6hmdc
Grade: 0 bulls 6 cows
Turn 316:
> h6kmdc
Grade: 0 bulls 6 cows
Turn 317:
> 6hkmdc
Grade: 1 bull 6 cows
Turn 318:
> mhk6dc
Grade: 1 bull 6 cows
Turn 319:
> hmk6dc
Grade: 0 bulls 6 cows
Turn 320:
> kmh6dc
Grade: 0 bulls 6 cows
Turn 321:
> mkh6dc
Grade: 0 bulls 6 cows
Turn 322:
> hkm6dc
Grade: 1 bull 6 cows
Turn 323:
> khm6dc
Grade: 2 bulls 6 cows
Turn 324:
> k6mhdc
Grade: 1 bull 6 cows
Turn 325:
> 6kmhdc
Grade: 1 bull 6 cows
Turn 326:
> mk6hdc
Grade: 0 bulls 6 cows
Turn 327:
> km6hdc
Grade: 0 bulls 6 cows
Turn 328:
> 6mkhdc
Grade: 0 bulls 6 cows
Turn 329:
> m6khdc
Grade: 0 bulls 6 cows
Turn 330:
> m6hkdc
Grade: 1 bull 6 cows
Turn 331:
> 6mhkdc
Grade: 1 bull 6 cows
Turn 332:
> hm6kdc
Grade: 1 bull 6 cows
Turn 333:
> mh6kdc
Grade: 2 bulls 6 cows
Turn 334:
> 6hmkdc
Grade: 3 bulls 6 cows
Turn 335:
> h6mkdc
Grade: 2 bulls 6 cows
Turn 336:
> d6mkhc
Grade: 2 bulls 6 cows
Turn 337:
> 6dmkhc
Grade: 2 bulls 6 cows
Turn 338:
> md6khc
Grade: 1 bull 6 cows
Turn 339:
> dm6khc
Grade: 1 bull 6 cows
Turn 340:
> 6mdkhc
Grade: 1 bull 6 cows
Turn 341:
> m6dkhc
Grade: 1 bull 6 cows
Turn 342:
> k6dmhc
Grade: 0 bulls 6 cows
Turn 343:
> 6kdmhc
Grade: 0 bulls 6 cows
Turn 344:
> dk6mhc
Grade: 0 bulls 6 cows
Turn 345:
> kd6mhc
Grade: 0 bulls 6 cows
Turn 346:
> 6dkmhc
Grade: 0 bulls 6 cows
Turn 347:
> d6kmhc
Grade: 0 bulls 6 cows
Turn 348:
> dmk6hc
Grade: 0 bulls 6 cows
Turn 349:
> mdk6hc
Grade: 0 bulls 6 cows
Turn 350:
> kdm6hc
Grade: 1 bull 6 cows
Turn 351:
> dkm6hc
Grade: 1 bull 6 cows
Turn 352:
> mkd6hc
Grade: 0 bulls 6 cows
Turn 353:
> kmd6hc
Grade: 0 bulls 6 cows
Turn 354:
> km6dhc
Grade: 0 bulls 6 cows
Turn 355:
> mk6dhc
Grade: 0 bulls 6 cows
Turn 356:
> 6kmdhc
Grade: 1 bull 6 cows
Turn 357:
> k6mdhc
Grade: 1 bull 6 cows
Turn 358:
> m6kdhc
Grade: 0 bulls 6 cows
Turn 359:
> 6mkdhc
Grade: 0 bulls 6 cows
Turn 360:
> hmkd6c
Grade: 1 bull 6 cows
Turn 361:
> mhkd6c
Grade: 2 bulls 6 cows
Turn 362:
> khmd6c
Grade: 3 bulls 6 cows
Turn 363:
> hkmd6c
Grade: 2 bulls 6 cows
Turn 364:
> mkhd6c
Grade: 1 bull 6 cows
Turn 365:
> kmhd6c
Grade: 1 bull 6 cows
Turn 366:
> dmhk6c
Grade: 2 bulls 6 cows
Turn 367:
> mdhk6c
Grade: 2 bulls 6 cows
Turn 368:
> hdmk6c
Grade: 3 bulls 6 cows
Turn 369:
> dhmk6c
Grade: 4 bulls 6 cows
Turn 370:
> mhdk6c
Grade: 3 bulls 6 cows
Turn 371:
> hmdk6c
Grade: 2 bulls 6 cows
Turn 372:
> hkdm6c
Grade: 1 bull 6 cows
Turn 373:
> khdm6c
Grade: 2 bulls 6 cows
Turn 374:
> dhkm6c
Grade: 2 bulls 6 cows
Turn 375:
> hdkm6c
Grade: 1 bull 6 cows
Turn 376:
> kdhm6c
Grade: 1 bull 6 cows
Turn 377:
> dkhm6c
Grade: 1 bull 6 cows
Turn 378:
> dkmh6c
Grade: 2 bulls 6 cows
Turn 379:
> kdmh6c
Grade: 2 bulls 6 cows
Turn 380:
> mdkh6c
Grade: 1 bull 6 cows
Turn 381:
> dmkh6c
Grade: 1 bull 6 cows
Turn 382:
> kmdh6c
Grade: 1 bull 6 cows
Turn 383:
> mkdh6c
Grade: 1 bull 6 cows
Turn 384:
> mkch6d
Grade: 2 bulls 6 cows
Turn 385:
> kmch6d
Grade: 2 bulls 6 cows
Turn 386:
> cmkh6d
Grade: 3 bulls 6 cows
Turn 387:
> mckh6d
Grade: 2 bulls 6 cows
Turn 388:
> kcmh6d
Grade: 3 bulls 6 cows
Turn 389:
> ckmh6d
Grade: 4 bulls 6 cows
Turn 390:
> hkmc6d
Grade: 3 bulls 6 cows
Turn 391:
> khmc6d
Grade: 4 bulls 6 cows
Turn 392:
> mhkc6d
Grade: 3 bulls 6 cows
Turn 393:
> hmkc6d
Grade: 2 bulls 6 cows
Turn 394:
> kmhc6d
Grade: 2 bulls 6 cows
Turn 395:
> mkhc6d
Grade: 2 bulls 6 cows
Turn 396:
> mchk6d
Grade: 3 bulls 6 cows
Turn 397:
> cmhk6d
Grade: 4 bulls 6 cows
Turn 398:
> hmck6d
Grade: 3 bulls 6 cows
Turn 399:
> mhck6d
Grade: 4 bulls 6 cows
Turn 400:
> chmk6d
Grade: 6 bulls 6 cows
Congratulations! You guessed the secret code.
]]></system-out>
  <system-err><![CDATA[]]></system-err>
</testsuite>
