<?xml version="1.0" encoding="UTF-8"?>
<testsuite name="Tests" tests="1" skipped="0" failures="0" errors="0" timestamp="2022-06-12T14:43:53" hostname="DESKTOP-MHJTMMJ" time="15.479">
  <properties/>
  <testcase name="start" classname="Tests" time="15.479"/>
  <system-out><![CDATA[?[1;31m
Start test 1?[0m

  .   ____          _            __ _ _
 /\\ / ___'_ __ _ _(_)_ __  __ _ \ \ \ \
( ( )\___ | '_ | '_| | '_ \/ _` | \ \ \ \
 \\/  ___)| |_)| | | | | || (_| |  ) ) ) )
  '  |____| .__|_| |_|_| |_\__, | / / / /
 =========|_|==============|___/=/_/_/_/
 :: Spring Boot ::                (v2.5.6)

2022-06-12 09:43:56.004  INFO 11136 --- [    Test worker] task.Main                                : Starting Main using Java 11.0.15 on DESKTOP-MHJTMMJ with PID 11136 (started by cprad in C:\Users\cprad\OneDrive\Escritorio\Java_Backend\03_Cinema-Room-REST-Service\Topics\Getting data from REST\Three endpoints)
2022-06-12 09:43:56.018  INFO 11136 --- [    Test worker] task.Main                                : No active profile set, falling back to default profiles: default
2022-06-12 09:44:01.920  INFO 11136 --- [    Test worker] o.s.b.w.embedded.tomcat.TomcatWebServer  : Tomcat initialized with port(s): 28852 (http)
2022-06-12 09:44:01.972  INFO 11136 --- [    Test worker] o.apache.catalina.core.StandardService   : Starting service [Tomcat]
2022-06-12 09:44:01.974  INFO 11136 --- [    Test worker] org.apache.catalina.core.StandardEngine  : Starting Servlet engine: [Apache Tomcat/9.0.54]
2022-06-12 09:44:02.456  INFO 11136 --- [    Test worker] o.a.c.c.C.[Tomcat].[localhost].[/]       : Initializing Spring embedded WebApplicationContext
2022-06-12 09:44:02.457  INFO 11136 --- [    Test worker] w.s.c.ServletWebServerApplicationContext : Root WebApplicationContext: initialization completed in 6174 ms
2022-06-12 09:44:05.766  INFO 11136 --- [    Test worker] o.s.b.a.e.web.EndpointLinksResolver      : Exposing 14 endpoint(s) beneath base path '/actuator'
2022-06-12 09:44:05.949  INFO 11136 --- [    Test worker] o.s.b.w.embedded.tomcat.TomcatWebServer  : Tomcat started on port(s): 28852 (http) with context path ''
2022-06-12 09:44:06.009  INFO 11136 --- [    Test worker] task.Main                                : Started Main in 12.124 seconds (JVM running for 15.693)
2022-06-12 09:44:07.582  INFO 11136 --- [io-28852-exec-1] o.a.c.c.C.[Tomcat].[localhost].[/]       : Initializing Spring DispatcherServlet 'dispatcherServlet'
2022-06-12 09:44:07.587  INFO 11136 --- [io-28852-exec-1] o.s.web.servlet.DispatcherServlet        : Initializing Servlet 'dispatcherServlet'
2022-06-12 09:44:07.599  INFO 11136 --- [io-28852-exec-1] o.s.web.servlet.DispatcherServlet        : Completed initialization in 11 ms
?[1;31m
Start test 2?[0m
?[1;31m
Start test 3?[0m
]]></system-out>
  <system-err><![CDATA[]]></system-err>
</testsuite>
