<?xml version="1.0" encoding="UTF-8"?>
<testsuite name="Tests" tests="1" skipped="0" failures="0" errors="0" timestamp="2022-06-12T14:51:48" hostname="DESKTOP-MHJTMMJ" time="24.939">
  <properties/>
  <testcase name="start" classname="Tests" time="24.939"/>
  <system-out><![CDATA[?[1;31m
Start test 1?[0m

  .   ____          _            __ _ _
 /\\ / ___'_ __ _ _(_)_ __  __ _ \ \ \ \
( ( )\___ | '_ | '_| | '_ \/ _` | \ \ \ \
 \\/  ___)| |_)| | | | | || (_| |  ) ) ) )
  '  |____| .__|_| |_|_| |_\__, | / / / /
 =========|_|==============|___/=/_/_/_/
 :: Spring Boot ::                (v2.5.6)

2022-06-12 09:51:54.412  INFO 6976 --- [    Test worker] task.Main                                : Starting Main using Java 11.0.15 on DESKTOP-MHJTMMJ with PID 6976 (started by cprad in C:\Users\cprad\OneDrive\Escritorio\Java_Backend\03_Cinema-Room-REST-Service\Topics\Getting data from REST\Add annotations)
2022-06-12 09:51:54.432  INFO 6976 --- [    Test worker] task.Main                                : No active profile set, falling back to default profiles: default
2022-06-12 09:52:03.781  INFO 6976 --- [    Test worker] o.s.b.w.embedded.tomcat.TomcatWebServer  : Tomcat initialized with port(s): 28852 (http)
2022-06-12 09:52:03.830  INFO 6976 --- [    Test worker] o.apache.catalina.core.StandardService   : Starting service [Tomcat]
2022-06-12 09:52:03.831  INFO 6976 --- [    Test worker] org.apache.catalina.core.StandardEngine  : Starting Servlet engine: [Apache Tomcat/9.0.54]
2022-06-12 09:52:04.423  INFO 6976 --- [    Test worker] o.a.c.c.C.[Tomcat].[localhost].[/]       : Initializing Spring embedded WebApplicationContext
2022-06-12 09:52:04.425  INFO 6976 --- [    Test worker] w.s.c.ServletWebServerApplicationContext : Root WebApplicationContext: initialization completed in 9662 ms
2022-06-12 09:52:09.117  INFO 6976 --- [    Test worker] o.s.b.a.e.web.EndpointLinksResolver      : Exposing 14 endpoint(s) beneath base path '/actuator'
2022-06-12 09:52:09.473  INFO 6976 --- [    Test worker] o.s.b.w.embedded.tomcat.TomcatWebServer  : Tomcat started on port(s): 28852 (http) with context path ''
2022-06-12 09:52:09.556  INFO 6976 --- [    Test worker] task.Main                                : Started Main in 18.526 seconds (JVM running for 25.403)
2022-06-12 09:52:11.881  INFO 6976 --- [io-28852-exec-1] o.a.c.c.C.[Tomcat].[localhost].[/]       : Initializing Spring DispatcherServlet 'dispatcherServlet'
2022-06-12 09:52:11.885  INFO 6976 --- [io-28852-exec-1] o.s.web.servlet.DispatcherServlet        : Initializing Servlet 'dispatcherServlet'
2022-06-12 09:52:11.891  INFO 6976 --- [io-28852-exec-1] o.s.web.servlet.DispatcherServlet        : Completed initialization in 4 ms
?[1;31m
Start test 2?[0m
?[1;31m
Start test 3?[0m
?[1;31m
Start test 4?[0m
?[1;31m
Start test 5?[0m
?[1;31m
Start test 6?[0m
?[1;31m
Start test 7?[0m
?[1;31m
Start test 8?[0m
]]></system-out>
  <system-err><![CDATA[]]></system-err>
</testsuite>
