<?xml version="1.0" encoding="UTF-8"?>
<testsuite name="Tests" tests="1" skipped="0" failures="0" errors="0" timestamp="2022-06-12T15:11:25" hostname="DESKTOP-MHJTMMJ" time="15.028">
  <properties/>
  <testcase name="start" classname="Tests" time="15.028"/>
  <system-out><![CDATA[?[1;31m
Start test 1?[0m

  .   ____          _            __ _ _
 /\\ / ___'_ __ _ _(_)_ __  __ _ \ \ \ \
( ( )\___ | '_ | '_| | '_ \/ _` | \ \ \ \
 \\/  ___)| |_)| | | | | || (_| |  ) ) ) )
  '  |____| .__|_| |_|_| |_\__, | / / / /
 =========|_|==============|___/=/_/_/_/
 :: Spring Boot ::                (v2.5.6)

2022-06-12 10:11:28.575  INFO 5628 --- [    Test worker] task.Main                                : Starting Main using Java 11.0.15 on DESKTOP-MHJTMMJ with PID 5628 (started by cprad in C:\Users\cprad\OneDrive\Escritorio\Java_Backend\03_Cinema-Room-REST-Service\Topics\Getting data from REST\Return big JSON)
2022-06-12 10:11:28.590  INFO 5628 --- [    Test worker] task.Main                                : No active profile set, falling back to default profiles: default
2022-06-12 10:11:34.578  INFO 5628 --- [    Test worker] o.s.b.w.embedded.tomcat.TomcatWebServer  : Tomcat initialized with port(s): 28852 (http)
2022-06-12 10:11:34.629  INFO 5628 --- [    Test worker] o.apache.catalina.core.StandardService   : Starting service [Tomcat]
2022-06-12 10:11:34.635  INFO 5628 --- [    Test worker] org.apache.catalina.core.StandardEngine  : Starting Servlet engine: [Apache Tomcat/9.0.54]
2022-06-12 10:11:35.108  INFO 5628 --- [    Test worker] o.a.c.c.C.[Tomcat].[localhost].[/]       : Initializing Spring embedded WebApplicationContext
2022-06-12 10:11:35.109  INFO 5628 --- [    Test worker] w.s.c.ServletWebServerApplicationContext : Root WebApplicationContext: initialization completed in 6290 ms
2022-06-12 10:11:38.246  INFO 5628 --- [    Test worker] o.s.b.a.e.web.EndpointLinksResolver      : Exposing 14 endpoint(s) beneath base path '/actuator'
2022-06-12 10:11:38.444  INFO 5628 --- [    Test worker] o.s.b.w.embedded.tomcat.TomcatWebServer  : Tomcat started on port(s): 28852 (http) with context path ''
2022-06-12 10:11:38.497  INFO 5628 --- [    Test worker] task.Main                                : Started Main in 11.993 seconds (JVM running for 15.445)
2022-06-12 10:11:40.032  INFO 5628 --- [io-28852-exec-1] o.a.c.c.C.[Tomcat].[localhost].[/]       : Initializing Spring DispatcherServlet 'dispatcherServlet'
2022-06-12 10:11:40.037  INFO 5628 --- [io-28852-exec-1] o.s.web.servlet.DispatcherServlet        : Initializing Servlet 'dispatcherServlet'
2022-06-12 10:11:40.041  INFO 5628 --- [io-28852-exec-1] o.s.web.servlet.DispatcherServlet        : Completed initialization in 3 ms
]]></system-out>
  <system-err><![CDATA[]]></system-err>
</testsuite>
